[2022-09-15 10:27:48.241] [exthost] [info] Extension host with pid 57249 started
[2022-09-15 10:27:48.277] [exthost] [info] ExtensionService#_doActivateExtension vscode.debug-auto-launch, startup: true, activationEvent: '*'
[2022-09-15 10:27:48.282] [exthost] [info] ExtensionService#_doActivateExtension vscode.git-base, startup: true, activationEvent: '*', root cause: vscode.git
[2022-09-15 10:27:48.284] [exthost] [info] ExtensionService#_doActivateExtension vscode.ipynb, startup: true, activationEvent: '*'
[2022-09-15 10:27:48.302] [exthost] [info] ExtensionService#_doActivateExtension vscode.git, startup: true, activationEvent: '*'
[2022-09-15 10:27:48.361] [exthost] [info] ExtensionService#_doActivateExtension vscode.github, startup: true, activationEvent: '*'
[2022-09-15 10:27:48.402] [exthost] [info] Eager extensions activated
[2022-09-15 10:27:48.410] [exthost] [info] ExtensionService#_doActivateExtension vscode.emmet, startup: false, activationEvent: 'onStartupFinished'
[2022-09-15 10:27:48.422] [exthost] [info] ExtensionService#_doActivateExtension vscode.merge-conflict, startup: false, activationEvent: 'onStartupFinished'
[2022-09-15 10:28:02.625] [exthost] [info] ExtensionService#_doActivateExtension vscode.configuration-editing, startup: false, activationEvent: 'onLanguage:jsonc'
[2022-09-15 10:28:02.629] [exthost] [info] ExtensionService#_doActivateExtension vscode.json-language-features, startup: false, activationEvent: 'onLanguage:jsonc'
[2022-09-15 10:28:02.680] [exthost] [info] ExtensionService#_doActivateExtension vscode.typescript-language-features, startup: false, activationEvent: 'onLanguage:jsonc'
[2022-09-15 10:29:15.541] [exthost] [info] Extension host terminating: received terminate message from renderer
[2022-09-15 10:29:15.548] [exthost] [info] Extension host with pid 57249 exiting with code 0
[2022-09-15 10:29:16.853] [exthost] [info] Extension host with pid 64316 started
[2022-09-15 10:29:16.853] [exthost] [info] Skipping acquiring lock for /home/talocha/.config/Code - OSS/User/workspaceStorage/fdd091d537eb0cd342be4decb734d206.
[2022-09-15 10:29:16.879] [exthost] [info] ExtensionService#_doActivateExtension vscode.debug-auto-launch, startup: true, activationEvent: '*'
[2022-09-15 10:29:16.881] [exthost] [info] ExtensionService#_doActivateExtension vscode.git-base, startup: true, activationEvent: '*'
[2022-09-15 10:29:16.883] [exthost] [info] ExtensionService#_doActivateExtension vscode.ipynb, startup: true, activationEvent: '*'
[2022-09-15 10:29:16.888] [exthost] [info] ExtensionService#_doActivateExtension vscode.github, startup: true, activationEvent: '*'
[2022-09-15 10:29:16.892] [exthost] [info] Eager extensions activated
[2022-09-15 10:29:16.894] [exthost] [info] ExtensionService#_doActivateExtension vscode.emmet, startup: false, activationEvent: 'onStartupFinished'
[2022-09-15 10:29:16.898] [exthost] [info] ExtensionService#_doActivateExtension vscode.merge-conflict, startup: false, activationEvent: 'onStartupFinished'
[2022-09-15 10:29:23.919] [exthost] [info] ExtensionService#_doActivateExtension vscode.git, startup: false, activationEvent: 'api', root cause: vscode.github
[2022-09-15 10:29:41.334] [exthost] [info] ExtensionService#_doActivateExtension vscode.grunt, startup: false, activationEvent: 'onTaskType:grunt'
[2022-09-15 10:29:41.338] [exthost] [info] ExtensionService#_doActivateExtension vscode.gulp, startup: false, activationEvent: 'onTaskType:gulp'
[2022-09-15 10:29:41.340] [exthost] [info] ExtensionService#_doActivateExtension vscode.jake, startup: false, activationEvent: 'onTaskType:jake'
[2022-09-15 10:29:41.342] [exthost] [info] ExtensionService#_doActivateExtension vscode.npm, startup: false, activationEvent: 'onTaskType:npm'
[2022-09-15 10:29:41.366] [exthost] [info] ExtensionService#_doActivateExtension vscode.typescript-language-features, startup: false, activationEvent: 'onTaskType:typescript'
[2022-09-15 10:29:52.968] [exthost] [info] ExtensionService#_doActivateExtension vscode.debug-server-ready, startup: false, activationEvent: 'onDebugResolve'
[2022-09-15 10:31:18.680] [exthost] [info] ExtensionService#_doActivateExtension ms-toolsai.jupyter, startup: false, activationEvent: 'onWalkthrough:jupyterWelcome'
[2022-09-15 10:31:18.903] [exthost] [info] ExtensionService#_doActivateExtension ms-python.python, startup: false, activationEvent: 'onWalkthrough:pythonWelcome'
[2022-09-15 10:33:23.162] [exthost] [info] ExtensionService#_doActivateExtension James-Yu.latex-workshop, startup: false, activationEvent: 'onLanguage:latex'
[2022-09-15 10:33:23.348] [exthost] [warning] DiagnosticCollection with name 'BibTeX' does already exist.
[2022-09-15 10:33:23.350] [exthost] [warning] DiagnosticCollection with name 'BibTeX' does already exist.
[2022-09-15 10:33:44.621] [exthost] [info] Extension host terminating: received terminate message from renderer
[2022-09-15 10:33:44.642] [exthost] [info] Extension host with pid 64316 exiting with code 0
