(16:15:30) INFO:    [Legendary]:       Running command: /opt/Heroic/resources/app.asar.unpacked/build/bin/linux/legendary --version
(16:15:30) INFO:    [Legendary]:       Legendary location: /opt/Heroic/resources/app.asar.unpacked/build/bin/linux/legendary
(16:15:30) INFO:    [Gog]:             GOGDL location: /opt/Heroic/resources/app.asar.unpacked/build/bin/linux/gogdl
(16:15:30) INFO:    [Backend]:         

Heroic Version: 2.4.3 Chopper
Legendary Version:  0.20.28 Dark Energy (hotfix #2)
OS: Arch KERNEL: 5.19.8-arch1-1 ARCH: x64
CPU: AMD Ryzen 7 3700X 8-Core Processor @3.6 GOVERNOR: schedutil
RAM: Total: 15.51 GiB Available: 14.42 GiB
GRAPHICS: GPU0: Navi 23 [Radeon RX 6600/6600 XT/6600M] VRAM: 1MB DRIVER:  
PROTOCOL: tty

(16:15:30) WARNING: [Backend]:         Failed to register protocol with OS.
(16:15:31) INFO:    [Backend]:         AreWeAntiCheatYet data downloaded
(16:15:31) INFO:    [Backend]:         Checking for new Heroic Updates
(16:15:31) INFO:    [Frontend]:        Refreshing Library
(16:15:31) INFO:    [Legendary]:       Refreshing library...
(16:15:31) INFO:    [Legendary]:       Refreshing Epic Games...
(16:15:32) INFO:    [Legendary]:       Running command: /opt/Heroic/resources/app.asar.unpacked/build/bin/linux/legendary list
(16:15:33) INFO:    [Legendary]:       Updating game list
(16:15:33) INFO:    [Legendary]:       Game List Updated
(16:15:33) DEBUG:   [Legendary]:       Using cached install info
(16:15:33) INFO:    [Legendary]:       Checking if EOS Overlay is enabled: /opt/Heroic/resources/app.asar.unpacked/build/bin/linux/legendary eos-overlay info --prefix /home/talocha/Games/Heroic/Prefixes/AssassinsCreedSyndicate
(16:15:33) INFO:    [Backend]:         Downloaded Winetricks
(16:15:34) INFO:    [Legendary]:       Checking for game updates.
(16:15:34) INFO:    [Legendary]:       Running command: /opt/Heroic/resources/app.asar.unpacked/build/bin/linux/legendary list-installed --check-updates --tsv
(16:15:34) INFO:    [Backend]:         Launching Assassins Creed Syndicate (Albacore)
(16:15:34) INFO:    [Backend]:         Preventing display from sleep
(16:15:34) INFO:    [Legendary]:       Running command: /opt/Heroic/resources/app.asar.unpacked/build/bin/linux/legendary --version
(16:15:34) DEBUG:   [Legendary]:       Using cached install info
(16:15:35) DEBUG:   [Legendary]:       Running Wine command: "/home/talocha/.local/share/lutris/runners/wine/lutris-7.2-x86_64/bin/wine" wineboot --init
(16:15:35) INFO:    [Legendary]:       Found 0 game(s) to update
(16:15:35) INFO:    [Gog]:             Found 0 game(s) to update
(16:15:35) DEBUG:   [Legendary]:       Using cached install info
(16:15:41) DEBUG:   [Legendary]:       Ran Wine command: "/home/talocha/.local/share/lutris/runners/wine/lutris-7.2-x86_64/bin/wine" wineboot --init
(16:15:41) INFO:    [Legendary]:       Launching Assassins Creed Syndicate: LD_PRELOAD= WINEPREFIX=/home/talocha/Games/Heroic/Prefixes/AssassinsCreedSyndicate /opt/Heroic/resources/app.asar.unpacked/build/bin/linux/legendary launch Albacore --language en --wine /home/talocha/.local/share/lutris/runners/wine/lutris-7.2-x86_64/bin/wine --wine-prefix /home/talocha/Games/Heroic/Prefixes/AssassinsCreedSyndicate
(16:15:42) INFO:    [Backend]:         Writing config for Albacore
(16:15:42) INFO:    [Backend]:         {
  "autoInstallDxvk": false,
  "autoInstallVkd3d": true,
  "preferSystemLibs": true,
  "maxSharpness": 2,
  "language": "",
  "nvidiaPrime": false,
  "enviromentOptions": [],
  "wrapperOptions": [],
  "savesPath": "",
  "showFps": false,
  "targetExe": "",
  "useGameMode": false,
  "winePrefix": "/home/talocha/Games/Heroic/Prefixes/AssassinsCreedSyndicate",
  "wineVersion": {
    "bin": "/home/talocha/.local/share/lutris/runners/wine/lutris-fshack-7.2-x86_64/bin/wine",
    "name": "Wine - lutris-fshack-7.2-x86_64",
    "type": "wine",
    "lib": "/home/talocha/.local/share/lutris/runners/wine/lutris-fshack-7.2-x86_64/lib64",
    "lib32": "/home/talocha/.local/share/lutris/runners/wine/lutris-fshack-7.2-x86_64/lib",
    "wineserver": "/home/talocha/.local/share/lutris/runners/wine/lutris-fshack-7.2-x86_64/bin/wineserver",
    "wineboot": "/home/talocha/.local/share/lutris/runners/wine/lutris-fshack-7.2-x86_64/bin/wineboot"
  },
  "eacRuntime": false,
  "battlEyeRuntime": false,
  "gogSaves": []
}
(16:15:43) DEBUG:   [Legendary]:       Using cached install info
(16:15:43) INFO:    [Legendary]:       Checking if EOS Overlay is enabled: /opt/Heroic/resources/app.asar.unpacked/build/bin/linux/legendary eos-overlay info --prefix /home/talocha/Games/Heroic/Prefixes/AssassinsCreedSyndicate
(16:15:46) INFO:    [Backend]:         Stopping Display Power Saver Blocker
(16:15:46) INFO:    [Frontend]:        Refreshing Library
(16:15:46) INFO:    [Legendary]:       Refreshing library...
(16:15:46) INFO:    [Legendary]:       Updating game list
(16:15:46) INFO:    [Legendary]:       Game List Updated
(16:15:46) DEBUG:   [Legendary]:       Using cached install info
(16:15:46) DEBUG:   [Legendary]:       Using cached install info
(16:15:47) INFO:    [Legendary]:       Checking for game updates.
(16:15:47) INFO:    [Legendary]:       Running command: /opt/Heroic/resources/app.asar.unpacked/build/bin/linux/legendary list-installed --check-updates --tsv
(16:15:47) INFO:    [Backend]:         Launching Assassins Creed Syndicate (Albacore)
(16:15:47) INFO:    [Backend]:         Preventing display from sleep
(16:15:47) INFO:    [Legendary]:       Running command: /opt/Heroic/resources/app.asar.unpacked/build/bin/linux/legendary --version
(16:15:47) DEBUG:   [Legendary]:       Using cached install info
(16:15:48) INFO:    [Legendary]:       Found 0 game(s) to update
(16:15:48) DEBUG:   [Legendary]:       Using cached install info
(16:15:48) DEBUG:   [Legendary]:       Running Wine command: "/home/talocha/.local/share/lutris/runners/wine/lutris-fshack-7.2-x86_64/bin/wine" wineboot --init
(16:15:58) DEBUG:   [Legendary]:       Ran Wine command: "/home/talocha/.local/share/lutris/runners/wine/lutris-fshack-7.2-x86_64/bin/wine" wineboot --init
(16:15:58) INFO:    [Backend]:         Created/Updated Wineprefix at /home/talocha/Games/Heroic/Prefixes/AssassinsCreedSyndicate
(16:15:58) INFO:    [Legendary]:       Launching Assassins Creed Syndicate: LD_PRELOAD= WINEPREFIX=/home/talocha/Games/Heroic/Prefixes/AssassinsCreedSyndicate /opt/Heroic/resources/app.asar.unpacked/build/bin/linux/legendary launch Albacore --language en --wine /home/talocha/.local/share/lutris/runners/wine/lutris-fshack-7.2-x86_64/bin/wine --wine-prefix /home/talocha/Games/Heroic/Prefixes/AssassinsCreedSyndicate
(16:16:04) INFO:    [Backend]:         Stopping Display Power Saver Blocker
(16:16:04) INFO:    [Frontend]:        Refreshing Library
(16:16:04) INFO:    [Legendary]:       Refreshing library...
(16:16:04) INFO:    [Legendary]:       Updating game list
(16:16:04) INFO:    [Legendary]:       Game List Updated
(16:16:04) DEBUG:   [Legendary]:       Using cached install info
(16:16:04) DEBUG:   [Legendary]:       Using cached install info
(16:16:05) INFO:    [Legendary]:       Checking for game updates.
(16:16:05) INFO:    [Legendary]:       Running command: /opt/Heroic/resources/app.asar.unpacked/build/bin/linux/legendary list-installed --check-updates --tsv
(16:16:06) INFO:    [Legendary]:       Found 0 game(s) to update
(16:16:06) DEBUG:   [Legendary]:       Using cached install info
(16:16:12) INFO:    [Backend]:         Preventing machine to sleep
(16:16:12) INFO:    [Legendary]:       Uninstalling Albacore: /opt/Heroic/resources/app.asar.unpacked/build/bin/linux/legendary uninstall Albacore -y
(16:16:12) INFO:    [Legendary]:       Installed game list updated
(16:16:12) INFO:    [Backend]:         Desktop shortcut removed
(16:16:12) INFO:    [Backend]:         Applications shortcut removed
(16:16:13) INFO:    [Backend]:         Removing prefix /home/talocha/Games/Heroic/Prefixes/AssassinsCreedSyndicate
(16:16:13) INFO:    [Backend]:         finished uninstalling
(16:16:13) INFO:    [Frontend]:        Refreshing Library
(16:16:13) INFO:    [Legendary]:       Refreshing library...
(16:16:13) INFO:    [Legendary]:       Updating game list
(16:16:13) INFO:    [Legendary]:       Game List Updated
(16:16:13) INFO:    [Backend]:         Stopping Power Saver Blocker
(16:16:13) INFO:    [Legendary]:       Checking for game updates.
(16:16:13) INFO:    [Legendary]:       Running command: /opt/Heroic/resources/app.asar.unpacked/build/bin/linux/legendary list-installed --check-updates --tsv
(16:16:14) INFO:    [Legendary]:       Found 0 game(s) to update
