(10:22:02) INFO:    [Legendary]:       Running command: /opt/Heroic/resources/app.asar.unpacked/build/bin/linux/legendary --version
(10:22:02) INFO:    [Legendary]:       Legendary location: /opt/Heroic/resources/app.asar.unpacked/build/bin/linux/legendary
(10:22:02) INFO:    [Gog]:             GOGDL location: /opt/Heroic/resources/app.asar.unpacked/build/bin/linux/gogdl
(10:22:02) INFO:    [Backend]:         

Heroic Version: 2.4.3 Chopper
Legendary Version:  0.20.28 Dark Energy (hotfix #2)
OS: Arch KERNEL: 5.19.9-arch1-1 ARCH: x64
CPU: AMD Ryzen 7 3700X 8-Core Processor @3.6 GOVERNOR: schedutil
RAM: Total: 15.51 GiB Available: 14.4 GiB
GRAPHICS: GPU0: Navi 23 [Radeon RX 6600/6600 XT/6600M] VRAM: 1MB DRIVER:  
PROTOCOL: tty

(10:22:02) WARNING: [Backend]:         Failed to register protocol with OS.
(10:22:03) INFO:    [Backend]:         AreWeAntiCheatYet data downloaded
(10:22:03) INFO:    [Backend]:         Checking for new Heroic Updates
(10:22:03) INFO:    [Frontend]:        Refreshing Library
(10:22:03) INFO:    [Legendary]:       Refreshing library...
(10:22:03) INFO:    [Legendary]:       Refreshing Epic Games...
(10:22:04) INFO:    [Legendary]:       Running command: /opt/Heroic/resources/app.asar.unpacked/build/bin/linux/legendary list
(10:22:06) INFO:    [Legendary]:       Updating game list
(10:22:06) INFO:    [Legendary]:       Game List Updated
(10:22:06) INFO:    [Backend]:         Downloaded Winetricks
(10:22:06) INFO:    [Backend]:         Launching Rage 2 (ad3d0f08dd0841d8a1ba77d94ded4773)
(10:22:06) INFO:    [Backend]:         Preventing display from sleep
(10:22:06) INFO:    [Legendary]:       Running command: /opt/Heroic/resources/app.asar.unpacked/build/bin/linux/legendary --version
(10:22:06) INFO:    [Legendary]:       Checking for game updates.
(10:22:06) INFO:    [Legendary]:       Running command: /opt/Heroic/resources/app.asar.unpacked/build/bin/linux/legendary list-installed --check-updates --tsv
(10:22:06) DEBUG:   [Legendary]:       Running Wine command: "/home/talocha/.config/heroic/tools/wine/Wine-lutris-wine-7.2-2/bin/wine" wineboot --init
(10:22:07) INFO:    [Legendary]:       Found 0 game(s) to update
(10:22:07) INFO:    [Gog]:             Found 0 game(s) to update
(10:22:13) DEBUG:   [Legendary]:       Ran Wine command: "/home/talocha/.config/heroic/tools/wine/Wine-lutris-wine-7.2-2/bin/wine" wineboot --init
(10:22:13) INFO:    [Legendary]:       Launching Rage 2: LD_PRELOAD= WINEPREFIX=/home/talocha/Games/Heroic/Prefixes/Rage2 LD_LIBRARY_PATH=/home/talocha/.config/heroic/tools/wine/Wine-lutris-wine-7.2-2/lib:/home/talocha/.config/heroic/tools/wine/Wine-lutris-wine-7.2-2/lib64: /opt/Heroic/resources/app.asar.unpacked/build/bin/linux/legendary launch ad3d0f08dd0841d8a1ba77d94ded4773 --language en --wine /home/talocha/.config/heroic/tools/wine/Wine-lutris-wine-7.2-2/bin/wine --wine-prefix /home/talocha/Games/Heroic/Prefixes/Rage2
