(14:23:17) INFO:    [Legendary]:       Running command: /opt/Heroic/resources/app.asar.unpacked/build/bin/linux/legendary --version
(14:23:17) INFO:    [Legendary]:       Legendary location: /opt/Heroic/resources/app.asar.unpacked/build/bin/linux/legendary
(14:23:17) INFO:    [Gog]:             GOGDL location: /opt/Heroic/resources/app.asar.unpacked/build/bin/linux/gogdl
(14:23:17) INFO:    [Backend]:         

Heroic Version: 2.4.3 Chopper
Legendary Version:  0.20.28 Dark Energy (hotfix #2)
OS: Arch KERNEL: 5.19.9-arch1-1 ARCH: x64
CPU: AMD Ryzen 7 3700X 8-Core Processor @3.6 GOVERNOR: schedutil
RAM: Total: 15.51 GiB Available: 14.25 GiB
GRAPHICS: GPU0: Navi 23 [Radeon RX 6600/6600 XT/6600M] VRAM: 1MB DRIVER:  
PROTOCOL: tty

(14:23:17) WARNING: [Backend]:         Failed to register protocol with OS.
(14:23:18) INFO:    [Backend]:         AreWeAntiCheatYet data downloaded
(14:23:18) INFO:    [Backend]:         Checking for new Heroic Updates
(14:23:18) INFO:    [Frontend]:        Refreshing Library
(14:23:18) INFO:    [Legendary]:       Refreshing library...
(14:23:18) INFO:    [Legendary]:       Refreshing Epic Games...
(14:23:18) INFO:    [Legendary]:       Running command: /opt/Heroic/resources/app.asar.unpacked/build/bin/linux/legendary list
(14:23:20) INFO:    [Legendary]:       Updating game list
(14:23:20) INFO:    [Legendary]:       Game List Updated
(14:23:20) INFO:    [Backend]:         Downloaded Winetricks
(14:23:21) INFO:    [Legendary]:       Checking for game updates.
(14:23:21) INFO:    [Legendary]:       Running command: /opt/Heroic/resources/app.asar.unpacked/build/bin/linux/legendary list-installed --check-updates --tsv
(14:23:22) INFO:    [Legendary]:       Found 0 game(s) to update
(14:23:22) INFO:    [Gog]:             Found 0 game(s) to update
(14:23:24) INFO:    [Backend]:         Launching Rage 2 (ad3d0f08dd0841d8a1ba77d94ded4773)
(14:23:24) INFO:    [Backend]:         Preventing display from sleep
(14:23:24) INFO:    [Legendary]:       Running command: /opt/Heroic/resources/app.asar.unpacked/build/bin/linux/legendary --version
(14:23:25) DEBUG:   [Legendary]:       Running Wine command: "/home/talocha/.config/heroic/tools/wine/Wine-lutris-wine-7.2-2/bin/wine" wineboot --init
(14:23:30) DEBUG:   [Legendary]:       Ran Wine command: "/home/talocha/.config/heroic/tools/wine/Wine-lutris-wine-7.2-2/bin/wine" wineboot --init
(14:23:30) INFO:    [Legendary]:       Launching Rage 2: LD_PRELOAD= WINEPREFIX=/home/talocha/Games/Heroic/Prefixes/Rage2 LD_LIBRARY_PATH=/home/talocha/.config/heroic/tools/wine/Wine-lutris-wine-7.2-2/lib:/home/talocha/.config/heroic/tools/wine/Wine-lutris-wine-7.2-2/lib64: /opt/Heroic/resources/app.asar.unpacked/build/bin/linux/legendary launch ad3d0f08dd0841d8a1ba77d94ded4773 --language en --wine /home/talocha/.config/heroic/tools/wine/Wine-lutris-wine-7.2-2/bin/wine --wine-prefix /home/talocha/Games/Heroic/Prefixes/Rage2
(15:29:11) INFO:    [Backend]:         Stopping Display Power Saver Blocker
(15:29:11) INFO:    [Frontend]:        Refreshing Library
(15:29:11) INFO:    [Legendary]:       Refreshing library...
(15:29:11) INFO:    [Legendary]:       Updating game list
(15:29:11) INFO:    [Legendary]:       Game List Updated
(15:29:12) INFO:    [Legendary]:       Checking for game updates.
(15:29:12) INFO:    [Legendary]:       Running command: /opt/Heroic/resources/app.asar.unpacked/build/bin/linux/legendary list-installed --check-updates --tsv
(15:29:13) INFO:    [Legendary]:       Found 0 game(s) to update
(17:31:14) INFO:    [Backend]:         Launching Rage 2 (ad3d0f08dd0841d8a1ba77d94ded4773)
(17:31:14) INFO:    [Backend]:         Preventing display from sleep
(17:31:14) INFO:    [Legendary]:       Running command: /opt/Heroic/resources/app.asar.unpacked/build/bin/linux/legendary --version
(17:31:15) DEBUG:   [Legendary]:       Running Wine command: "/home/talocha/.config/heroic/tools/wine/Wine-lutris-wine-7.2-2/bin/wine" wineboot --init
(17:31:20) DEBUG:   [Legendary]:       Ran Wine command: "/home/talocha/.config/heroic/tools/wine/Wine-lutris-wine-7.2-2/bin/wine" wineboot --init
(17:31:20) INFO:    [Legendary]:       Launching Rage 2: LD_PRELOAD= WINEPREFIX=/home/talocha/Games/Heroic/Prefixes/Rage2 LD_LIBRARY_PATH=/home/talocha/.config/heroic/tools/wine/Wine-lutris-wine-7.2-2/lib:/home/talocha/.config/heroic/tools/wine/Wine-lutris-wine-7.2-2/lib64: /opt/Heroic/resources/app.asar.unpacked/build/bin/linux/legendary launch ad3d0f08dd0841d8a1ba77d94ded4773 --language en --wine /home/talocha/.config/heroic/tools/wine/Wine-lutris-wine-7.2-2/bin/wine --wine-prefix /home/talocha/Games/Heroic/Prefixes/Rage2
