(10:03:59) INFO:    [Legendary]:       Running command: /opt/Heroic/resources/app.asar.unpacked/build/bin/linux/legendary --version
(10:03:59) INFO:    [Legendary]:       Legendary location: /opt/Heroic/resources/app.asar.unpacked/build/bin/linux/legendary
(10:03:59) INFO:    [Gog]:             GOGDL location: /opt/Heroic/resources/app.asar.unpacked/build/bin/linux/gogdl
(10:03:59) INFO:    [Backend]:         

Heroic Version: 2.4.2 Chopper
Legendary Version:  0.20.28 Dark Energy (hotfix #2)
OS: Arch KERNEL: 5.19.8-arch1-1 ARCH: x64
CPU: AMD Ryzen 7 3700X 8-Core Processor @3.6 GOVERNOR: schedutil
RAM: Total: 15.51 GiB Available: 14.28 GiB
GRAPHICS: GPU0: Navi 23 [Radeon RX 6600/6600 XT/6600M] VRAM: 1MB DRIVER:  
PROTOCOL: tty

(10:03:59) WARNING: [Backend]:         Failed to register protocol with OS.
(10:03:59) INFO:    [Backend]:         AreWeAntiCheatYet data downloaded
(10:04:00) INFO:    [Backend]:         Checking for new Heroic Updates
(10:04:00) INFO:    [Frontend]:        Refreshing Library
(10:04:00) INFO:    [Legendary]:       Refreshing library...
(10:04:00) INFO:    [Legendary]:       Refreshing Epic Games...
(10:04:01) INFO:    [Legendary]:       Running command: /opt/Heroic/resources/app.asar.unpacked/build/bin/linux/legendary list
(10:04:02) INFO:    [Backend]:         Downloaded Winetricks
(10:04:02) INFO:    [Backend]:         Launching Wolfenstein: The New Order (a64dcf9b711a4a60a3c0b6f052dfc7da)
(10:04:02) INFO:    [Backend]:         Preventing display from sleep
(10:04:02) INFO:    [Legendary]:       Running command: /opt/Heroic/resources/app.asar.unpacked/build/bin/linux/legendary --version
(10:04:03) INFO:    [Legendary]:       Updating game list
(10:04:03) INFO:    [Legendary]:       Game List Updated
(10:04:03) ERROR:   Couldn't find all library folders of Wine - lutris-fshack-7.2-x86_64!
Missing undefined or undefined!
Falling back to system libraries!
(10:04:03) DEBUG:   [Legendary]:       Running Wine command: "/home/talocha/.local/share/lutris/runners/wine/lutris-fshack-7.2-x86_64/bin/wine" wineboot --init
(10:04:03) INFO:    [Gog]:             Found 0 game(s) to update
(10:04:08) DEBUG:   [Legendary]:       Ran Wine command: "/home/talocha/.local/share/lutris/runners/wine/lutris-fshack-7.2-x86_64/bin/wine" wineboot --init
(10:04:08) ERROR:   Couldn't find all library folders of Wine - lutris-fshack-7.2-x86_64!
Missing undefined or undefined!
Falling back to system libraries!
(10:04:08) INFO:    [Legendary]:       Launching Wolfenstein: The New Order: LD_PRELOAD= WINEPREFIX=/home/talocha/Games/Heroic/Prefixes/WolfensteinTNO /opt/Heroic/resources/app.asar.unpacked/build/bin/linux/legendary launch a64dcf9b711a4a60a3c0b6f052dfc7da --language en --wine /home/talocha/.local/share/lutris/runners/wine/lutris-fshack-7.2-x86_64/bin/wine --wine-prefix /home/talocha/Games/Heroic/Prefixes/WolfensteinTNO
(10:04:08) INFO:    [Backend]:         Stopping Display Power Saver Blocker
(10:04:08) INFO:    [Frontend]:        Refreshing Library
(10:04:08) INFO:    [Legendary]:       Refreshing library...
(10:04:23) INFO:    [Frontend]:        Refreshing wine downloader releases
(10:04:23) INFO:    [WineDownloader]:  Updating wine versions info
(10:04:23) INFO:    [WineDownloader]:  Fetching upstream information...
(10:04:26) INFO:    [WineDownloader]:  wine versions updated
(10:04:26) INFO:    [Legendary]:       Logging out.
(10:04:26) INFO:    [Legendary]:       Running command: /opt/Heroic/resources/app.asar.unpacked/build/bin/linux/legendary auth --delete
(10:04:27) INFO:    [Legendary]:       Running command: /opt/Heroic/resources/app.asar.unpacked/build/bin/linux/legendary cleanup
(10:04:27) INFO:    [Backend]:         Checking for new Heroic Updates
(10:06:26) INFO:    [Legendary]:       Logging in with Legendary.
(10:06:26) INFO:    [Legendary]:       Running command: /opt/Heroic/resources/app.asar.unpacked/build/bin/linux/legendary auth --code <redacted>
(10:06:26) INFO:    [Legendary]:       Logging in with Legendary.
(10:06:26) INFO:    [Legendary]:       Running command: /opt/Heroic/resources/app.asar.unpacked/build/bin/linux/legendary auth --code <redacted>
(10:06:26) INFO:    [Legendary]:       Logging in with Legendary.
(10:06:26) INFO:    [Legendary]:       Running command: /opt/Heroic/resources/app.asar.unpacked/build/bin/linux/legendary auth --code <redacted>
(10:06:26) INFO:    [Legendary]:       Logging in with Legendary.
(10:06:26) INFO:    [Legendary]:       Running command: /opt/Heroic/resources/app.asar.unpacked/build/bin/linux/legendary auth --code <redacted>
(10:06:26) INFO:    [Legendary]:       Logging in with Legendary.
(10:06:26) INFO:    [Legendary]:       Running command: /opt/Heroic/resources/app.asar.unpacked/build/bin/linux/legendary auth --code <redacted>
(10:06:26) INFO:    [Legendary]:       Logging in with Legendary.
(10:06:26) INFO:    [Legendary]:       Running command: /opt/Heroic/resources/app.asar.unpacked/build/bin/linux/legendary auth --code <redacted>
(10:06:27) INFO:    [Legendary]:       Logging in with Legendary.
(10:06:27) INFO:    [Legendary]:       Running command: /opt/Heroic/resources/app.asar.unpacked/build/bin/linux/legendary auth --code <redacted>
(10:06:27) INFO:    [Legendary]:       Logging in with Legendary.
(10:06:27) INFO:    [Legendary]:       Running command: /opt/Heroic/resources/app.asar.unpacked/build/bin/linux/legendary auth --code <redacted>
(10:06:27) INFO:    [Legendary]:       Logging in with Legendary.
(10:06:27) INFO:    [Legendary]:       Running command: /opt/Heroic/resources/app.asar.unpacked/build/bin/linux/legendary auth --code <redacted>
(10:06:27) INFO:    [Legendary]:       Logging in with Legendary.
(10:06:27) INFO:    [Legendary]:       Running command: /opt/Heroic/resources/app.asar.unpacked/build/bin/linux/legendary auth --code <redacted>
(10:06:27) INFO:    [Legendary]:       Logging in with Legendary.
(10:06:27) INFO:    [Legendary]:       Running command: /opt/Heroic/resources/app.asar.unpacked/build/bin/linux/legendary auth --code <redacted>
(10:06:27) INFO:    [Legendary]:       Logging in with Legendary.
(10:06:27) INFO:    [Legendary]:       Running command: /opt/Heroic/resources/app.asar.unpacked/build/bin/linux/legendary auth --code <redacted>
(10:06:27) INFO:    [Frontend]:        Refreshing Library
(10:06:27) INFO:    [Legendary]:       Refreshing library...
(10:06:27) INFO:    [Legendary]:       Refreshing Epic Games...
(10:06:28) INFO:    [Legendary]:       Running command: /opt/Heroic/resources/app.asar.unpacked/build/bin/linux/legendary list
(10:06:31) INFO:    [Legendary]:       Updating game list
(10:06:31) INFO:    [Legendary]:       Game List Updated
(10:06:31) INFO:    [Frontend]:        No cache found, getting data from legendary...
(10:06:31) INFO:    [Legendary]:       Refreshing library...
(10:06:31) INFO:    [Legendary]:       Updating game list
(10:06:31) INFO:    [Legendary]:       Game List Updated
(10:06:31) INFO:    [Legendary]:       Checking for game updates.
(10:06:31) INFO:    [Legendary]:       Running command: /opt/Heroic/resources/app.asar.unpacked/build/bin/linux/legendary list-installed --check-updates --tsv
(10:06:32) INFO:    [Legendary]:       Found 0 game(s) to update
(10:06:32) INFO:    [Frontend]:        Force Update
(10:06:34) INFO:    [Backend]:         Launching Wolfenstein: The New Order (a64dcf9b711a4a60a3c0b6f052dfc7da)
(10:06:34) INFO:    [Backend]:         Preventing display from sleep
(10:06:34) INFO:    [Legendary]:       Running command: /opt/Heroic/resources/app.asar.unpacked/build/bin/linux/legendary --version
(10:06:35) ERROR:   Couldn't find all library folders of Wine - lutris-fshack-7.2-x86_64!
Missing undefined or undefined!
Falling back to system libraries!
(10:06:35) DEBUG:   [Legendary]:       Running Wine command: "/home/talocha/.local/share/lutris/runners/wine/lutris-fshack-7.2-x86_64/bin/wine" wineboot --init
(10:06:39) DEBUG:   [Legendary]:       Ran Wine command: "/home/talocha/.local/share/lutris/runners/wine/lutris-fshack-7.2-x86_64/bin/wine" wineboot --init
(10:06:39) ERROR:   Couldn't find all library folders of Wine - lutris-fshack-7.2-x86_64!
Missing undefined or undefined!
Falling back to system libraries!
(10:06:39) INFO:    [Legendary]:       Launching Wolfenstein: The New Order: LD_PRELOAD= WINEPREFIX=/home/talocha/Games/Heroic/Prefixes/WolfensteinTNO /opt/Heroic/resources/app.asar.unpacked/build/bin/linux/legendary launch a64dcf9b711a4a60a3c0b6f052dfc7da --language en --wine /home/talocha/.local/share/lutris/runners/wine/lutris-fshack-7.2-x86_64/bin/wine --wine-prefix /home/talocha/Games/Heroic/Prefixes/WolfensteinTNO
(10:07:13) INFO:    [Legendary]:       Getting Info from Epic API
(10:07:13) INFO:    [Legendary]:       Getting Info from Epic API
(10:07:13) INFO:    [Legendary]:       Getting more details with 'legendary info'
(10:07:14) INFO:    [Legendary]:       Running command: /opt/Heroic/resources/app.asar.unpacked/build/bin/linux/legendary --pretty-json info b5e42b0dc2f544a5bbb4080a433b8b71 --platform Windows --json
(10:22:31) INFO:    [Backend]:         Stopping Display Power Saver Blocker
(10:22:31) INFO:    [Frontend]:        Refreshing Library
(10:22:31) INFO:    [Legendary]:       Refreshing library...
(10:22:31) INFO:    [Legendary]:       Updating game list
(10:22:31) INFO:    [Legendary]:       Game List Updated
(10:22:31) DEBUG:   [Legendary]:       Using cached install info
(10:22:31) DEBUG:   [Legendary]:       Using cached install info
(10:22:32) INFO:    [Legendary]:       Checking for game updates.
(10:22:32) INFO:    [Legendary]:       Running command: /opt/Heroic/resources/app.asar.unpacked/build/bin/linux/legendary list-installed --check-updates --tsv
(10:22:33) INFO:    [Legendary]:       Found 0 game(s) to update
(10:22:35) INFO:    [Legendary]:       Getting Info from Epic API
(10:22:36) INFO:    [Legendary]:       Getting Info from Epic API
(10:23:09) ERROR:   [Legendary]:       Error Getting Info from Epic API
(10:23:09) ERROR:   [Legendary]:       Error Getting Info from Epic API
(10:23:09) INFO:    [Legendary]:       Getting more details with 'legendary info'
(10:23:10) INFO:    [Legendary]:       Running command: /opt/Heroic/resources/app.asar.unpacked/build/bin/linux/legendary --pretty-json info 4f0c34d469bb47b2bcf5b377f47ccfe3 --platform Windows --json
(10:23:13) ERROR:   [Backend]:         SyntaxError: Unexpected end of JSON input
(10:23:13) ERROR:   [Frontend]:        Cannot get game info
(10:23:16) INFO:    [Frontend]:        Refreshing Library
(10:23:16) INFO:    [Legendary]:       Refreshing library...
(10:23:16) INFO:    [Legendary]:       Refreshing Epic Games...
(10:23:16) INFO:    [Legendary]:       Getting more details with 'legendary info'
(10:23:16) INFO:    [Legendary]:       Running command: /opt/Heroic/resources/app.asar.unpacked/build/bin/linux/legendary list
(10:23:16) INFO:    [Legendary]:       Running command: /opt/Heroic/resources/app.asar.unpacked/build/bin/linux/legendary --pretty-json info 4f0c34d469bb47b2bcf5b377f47ccfe3 --platform Windows --json
(10:23:17) INFO:    [Legendary]:       Updating game list
(10:23:17) INFO:    [Legendary]:       Game List Updated
(10:23:17) INFO:    [Legendary]:       Checking for game updates.
(10:23:17) INFO:    [Legendary]:       Running command: /opt/Heroic/resources/app.asar.unpacked/build/bin/linux/legendary list-installed --check-updates --tsv
(10:23:19) INFO:    [Legendary]:       Found 0 game(s) to update
(10:23:19) INFO:    [Gog]:             Found 0 game(s) to update
(10:23:19) ERROR:   [Backend]:         SyntaxError: Unexpected end of JSON input
(10:23:19) ERROR:   [Frontend]:        Cannot get game info
(10:23:22) INFO:    [Backend]:         Preventing machine to sleep
(10:23:22) INFO:    [Legendary]:       Uninstalling a64dcf9b711a4a60a3c0b6f052dfc7da: /opt/Heroic/resources/app.asar.unpacked/build/bin/linux/legendary uninstall a64dcf9b711a4a60a3c0b6f052dfc7da -y
(10:23:24) INFO:    [Legendary]:       Installed game list updated
(10:23:24) INFO:    [Backend]:         Applications shortcut removed
(10:23:24) INFO:    [Backend]:         Desktop shortcut removed
(10:23:24) INFO:    [Backend]:         finished uninstalling
(10:23:24) INFO:    [Frontend]:        Refreshing Library
(10:23:24) INFO:    [Legendary]:       Refreshing library...
(10:23:24) INFO:    [Legendary]:       Updating game list
(10:23:24) INFO:    [Legendary]:       Game List Updated
(10:23:24) INFO:    [Backend]:         Stopping Power Saver Blocker
(10:23:24) INFO:    [Legendary]:       Checking for game updates.
(10:23:24) INFO:    [Legendary]:       Running command: /opt/Heroic/resources/app.asar.unpacked/build/bin/linux/legendary list-installed --check-updates --tsv
(10:23:25) INFO:    [Legendary]:       Found 0 game(s) to update
(10:25:20) INFO:    [Legendary]:       Getting more details with 'legendary info'
(10:25:20) INFO:    [Legendary]:       Getting more details with 'legendary info'
(10:25:20) DEBUG:   [Backend]:         {"free":301102456832,"diskSize":469969797120,"message":"280.42 GiB / 437.69 GiB","validPath":true}
(10:25:20) DEBUG:   [Backend]:         {"free":301102456832,"diskSize":469969797120,"message":"280.42 GiB / 437.69 GiB","validPath":true}
(10:25:21) INFO:    [Legendary]:       Running command: /opt/Heroic/resources/app.asar.unpacked/build/bin/linux/legendary --pretty-json info Albacore --platform Windows --json
(10:25:21) INFO:    [Legendary]:       Running command: /opt/Heroic/resources/app.asar.unpacked/build/bin/linux/legendary --pretty-json info Albacore --platform Windows --json
(10:25:24) ERROR:   [Backend]:         SyntaxError: Unexpected end of JSON input
(10:25:24) ERROR:   [Backend]:         SyntaxError: Unexpected end of JSON input
(10:25:25) INFO:    [Legendary]:       Getting Info from Epic API
(10:25:25) INFO:    [Legendary]:       Getting Info from Epic API
(10:25:35) INFO:    [Legendary]:       Getting more details with 'legendary info'
(10:25:36) INFO:    [Legendary]:       Running command: /opt/Heroic/resources/app.asar.unpacked/build/bin/linux/legendary --pretty-json info Albacore --platform Windows --json
(10:25:39) ERROR:   [Backend]:         SyntaxError: Unexpected end of JSON input
(10:25:39) ERROR:   [Frontend]:        Cannot get game info
(10:25:40) INFO:    [Frontend]:        Refreshing Library
(10:25:40) INFO:    [Legendary]:       Refreshing library...
(10:25:40) INFO:    [Legendary]:       Refreshing Epic Games...
(10:25:40) INFO:    [Legendary]:       Getting more details with 'legendary info'
(10:25:41) INFO:    [Legendary]:       Running command: /opt/Heroic/resources/app.asar.unpacked/build/bin/linux/legendary --pretty-json info Albacore --platform Windows --json
(10:25:41) INFO:    [Legendary]:       Running command: /opt/Heroic/resources/app.asar.unpacked/build/bin/linux/legendary list
(10:25:42) INFO:    [Legendary]:       Updating game list
(10:25:42) INFO:    [Legendary]:       Game List Updated
(10:25:42) INFO:    [Legendary]:       Checking for game updates.
(10:25:42) INFO:    [Legendary]:       Running command: /opt/Heroic/resources/app.asar.unpacked/build/bin/linux/legendary list-installed --check-updates --tsv
(10:25:43) INFO:    [Legendary]:       Found 0 game(s) to update
(10:25:43) INFO:    [Gog]:             Found 0 game(s) to update
