(22:31:45) INFO:    [Legendary]:       Running command: /opt/Heroic/resources/app.asar.unpacked/build/bin/linux/legendary --version
(22:31:45) INFO:    [Legendary]:       Legendary location: /opt/Heroic/resources/app.asar.unpacked/build/bin/linux/legendary
(22:31:45) INFO:    [Gog]:             GOGDL location: /opt/Heroic/resources/app.asar.unpacked/build/bin/linux/gogdl
(22:31:45) INFO:    [Backend]:         

Heroic Version: 2.4.3 Chopper
Legendary Version:  0.20.28 Dark Energy (hotfix #2)
OS: Arch KERNEL: 5.19.9-arch1-1 ARCH: x64
CPU: AMD Ryzen 7 3700X 8-Core Processor @3.6 GOVERNOR: schedutil
RAM: Total: 15.51 GiB Available: 14.3 GiB
GRAPHICS: GPU0: Navi 23 [Radeon RX 6600/6600 XT/6600M] VRAM: 1MB DRIVER:  
PROTOCOL: tty

(22:31:45) WARNING: [Backend]:         Failed to register protocol with OS.
(22:31:46) INFO:    [Backend]:         AreWeAntiCheatYet data downloaded
(22:31:46) INFO:    [Backend]:         Checking for new Heroic Updates
(22:31:46) INFO:    [Frontend]:        Refreshing Library
(22:31:46) INFO:    [Legendary]:       Refreshing library...
(22:31:46) INFO:    [Legendary]:       Refreshing Epic Games...
(22:31:47) INFO:    [Legendary]:       Running command: /opt/Heroic/resources/app.asar.unpacked/build/bin/linux/legendary list
(22:31:48) INFO:    [Legendary]:       Updating game list
(22:31:48) INFO:    [Legendary]:       Game List Updated
(22:31:48) INFO:    [Backend]:         Downloaded Winetricks
(22:31:49) INFO:    [Legendary]:       Checking for game updates.
(22:31:49) INFO:    [Legendary]:       Running command: /opt/Heroic/resources/app.asar.unpacked/build/bin/linux/legendary list-installed --check-updates --tsv
(22:31:49) INFO:    [Backend]:         Launching Rage 2 (ad3d0f08dd0841d8a1ba77d94ded4773)
(22:31:49) INFO:    [Backend]:         Preventing display from sleep
(22:31:49) INFO:    [Legendary]:       Running command: /opt/Heroic/resources/app.asar.unpacked/build/bin/linux/legendary --version
(22:31:49) DEBUG:   [Legendary]:       Running Wine command: "/home/talocha/.config/heroic/tools/wine/Wine-lutris-wine-7.2-2/bin/wine" wineboot --init
(22:31:50) INFO:    [Legendary]:       Found 0 game(s) to update
(22:31:50) INFO:    [Gog]:             Found 0 game(s) to update
(22:31:56) DEBUG:   [Legendary]:       Ran Wine command: "/home/talocha/.config/heroic/tools/wine/Wine-lutris-wine-7.2-2/bin/wine" wineboot --init
(22:31:56) INFO:    [Legendary]:       Launching Rage 2: LD_PRELOAD= WINEPREFIX=/home/talocha/Games/Heroic/Prefixes/Rage2 LD_LIBRARY_PATH=/home/talocha/.config/heroic/tools/wine/Wine-lutris-wine-7.2-2/lib:/home/talocha/.config/heroic/tools/wine/Wine-lutris-wine-7.2-2/lib64: /opt/Heroic/resources/app.asar.unpacked/build/bin/linux/legendary launch ad3d0f08dd0841d8a1ba77d94ded4773 --language en --wine /home/talocha/.config/heroic/tools/wine/Wine-lutris-wine-7.2-2/bin/wine --wine-prefix /home/talocha/Games/Heroic/Prefixes/Rage2
(23:28:10) DEBUG:   [Legendary]:       Using cached install info
(23:28:10) INFO:    [Legendary]:       Checking if EOS Overlay is enabled: /opt/Heroic/resources/app.asar.unpacked/build/bin/linux/legendary eos-overlay info --prefix /home/talocha/Games/Heroic/Prefixes/Rage2
(23:28:11) INFO:    [Backend]:         Trying to kill ad3d0f08dd0841d8a1ba77d94ded4773
(23:28:11) INFO:    [Backend]:         Killed ad3d0f08dd0841d8a1ba77d94ded4773
(23:28:13) INFO:    [Backend]:         Trying to kill ad3d0f08dd0841d8a1ba77d94ded4773
(23:28:13) INFO:    [Backend]:         Killed ad3d0f08dd0841d8a1ba77d94ded4773
(23:28:13) INFO:    [Backend]:         Stopping Display Power Saver Blocker
(23:28:13) INFO:    [Frontend]:        Refreshing Library
(23:28:13) INFO:    [Legendary]:       Refreshing library...
(23:28:13) INFO:    [Legendary]:       Updating game list
(23:28:13) INFO:    [Legendary]:       Game List Updated
(23:28:13) DEBUG:   [Legendary]:       Using cached install info
(23:28:13) DEBUG:   [Legendary]:       Using cached install info
(23:28:14) INFO:    [Legendary]:       Checking for game updates.
(23:28:14) INFO:    [Legendary]:       Running command: /opt/Heroic/resources/app.asar.unpacked/build/bin/linux/legendary list-installed --check-updates --tsv
(23:28:15) INFO:    [Legendary]:       Found 0 game(s) to update
(23:28:15) DEBUG:   [Legendary]:       Using cached install info
(23:28:24) INFO:    [Backend]:         Launching Rage 2 (ad3d0f08dd0841d8a1ba77d94ded4773)
(23:28:24) INFO:    [Backend]:         Preventing display from sleep
(23:28:24) INFO:    [Legendary]:       Running command: /opt/Heroic/resources/app.asar.unpacked/build/bin/linux/legendary --version
(23:28:24) DEBUG:   [Legendary]:       Using cached install info
(23:28:25) DEBUG:   [Legendary]:       Running Wine command: "/home/talocha/.config/heroic/tools/wine/Wine-lutris-wine-7.2-2/bin/wine" wineboot --init
(23:28:30) DEBUG:   [Legendary]:       Ran Wine command: "/home/talocha/.config/heroic/tools/wine/Wine-lutris-wine-7.2-2/bin/wine" wineboot --init
(23:28:30) INFO:    [Legendary]:       Launching Rage 2: LD_PRELOAD= WINEPREFIX=/home/talocha/Games/Heroic/Prefixes/Rage2 LD_LIBRARY_PATH=/home/talocha/.config/heroic/tools/wine/Wine-lutris-wine-7.2-2/lib:/home/talocha/.config/heroic/tools/wine/Wine-lutris-wine-7.2-2/lib64: /opt/Heroic/resources/app.asar.unpacked/build/bin/linux/legendary launch ad3d0f08dd0841d8a1ba77d94ded4773 --language en --wine /home/talocha/.config/heroic/tools/wine/Wine-lutris-wine-7.2-2/bin/wine --wine-prefix /home/talocha/Games/Heroic/Prefixes/Rage2
(23:44:35) INFO:    [Backend]:         Stopping Display Power Saver Blocker
(23:44:35) INFO:    [Frontend]:        Refreshing Library
(23:44:35) INFO:    [Legendary]:       Refreshing library...
(23:44:35) INFO:    [Legendary]:       Updating game list
(23:44:35) INFO:    [Legendary]:       Game List Updated
(23:44:35) DEBUG:   [Legendary]:       Using cached install info
(23:44:35) DEBUG:   [Legendary]:       Using cached install info
(23:44:36) INFO:    [Legendary]:       Checking for game updates.
(23:44:36) INFO:    [Legendary]:       Running command: /opt/Heroic/resources/app.asar.unpacked/build/bin/linux/legendary list-installed --check-updates --tsv
(23:44:37) INFO:    [Legendary]:       Found 0 game(s) to update
(23:44:37) DEBUG:   [Legendary]:       Using cached install info
