(21:06:16) INFO:    [Legendary]:       Running command: /opt/Heroic/resources/app.asar.unpacked/build/bin/linux/legendary --version
(21:06:16) INFO:    [Legendary]:       Legendary location: /opt/Heroic/resources/app.asar.unpacked/build/bin/linux/legendary
(21:06:16) INFO:    [Gog]:             GOGDL location: /opt/Heroic/resources/app.asar.unpacked/build/bin/linux/gogdl
(21:06:16) INFO:    [Backend]:         

Heroic Version: 2.4.3 Chopper
Legendary Version:  0.20.28 Dark Energy (hotfix #2)
OS: Arch KERNEL: 5.19.9-arch1-1 ARCH: x64
CPU: AMD Ryzen 7 3700X 8-Core Processor @3.6 GOVERNOR: schedutil
RAM: Total: 15.51 GiB Available: 13.67 GiB
GRAPHICS: GPU0: Navi 23 [Radeon RX 6600/6600 XT/6600M] VRAM: 1MB DRIVER:  
PROTOCOL: tty

(21:06:17) WARNING: [Backend]:         Failed to register protocol with OS.
(21:06:17) INFO:    [Backend]:         AreWeAntiCheatYet data downloaded
(21:06:17) INFO:    [Backend]:         Checking for new Heroic Updates
(21:06:17) INFO:    [Frontend]:        Refreshing Library
(21:06:17) INFO:    [Legendary]:       Refreshing library...
(21:06:17) INFO:    [Legendary]:       Refreshing Epic Games...
(21:06:18) INFO:    [Legendary]:       Running command: /opt/Heroic/resources/app.asar.unpacked/build/bin/linux/legendary list
(21:06:19) INFO:    [Legendary]:       Updating game list
(21:06:19) INFO:    [Legendary]:       Game List Updated
(21:06:19) INFO:    [Backend]:         Downloaded Winetricks
(21:06:20) INFO:    [Backend]:         Launching Rage 2 (ad3d0f08dd0841d8a1ba77d94ded4773)
(21:06:20) INFO:    [Backend]:         Preventing display from sleep
(21:06:20) INFO:    [Legendary]:       Running command: /opt/Heroic/resources/app.asar.unpacked/build/bin/linux/legendary --version
(21:06:20) INFO:    [Legendary]:       Checking for game updates.
(21:06:20) INFO:    [Legendary]:       Running command: /opt/Heroic/resources/app.asar.unpacked/build/bin/linux/legendary list-installed --check-updates --tsv
(21:06:20) DEBUG:   [Legendary]:       Running Wine command: "/home/talocha/.config/heroic/tools/wine/Wine-lutris-wine-7.2-2/bin/wine" wineboot --init
(21:06:21) INFO:    [Legendary]:       Found 0 game(s) to update
(21:06:21) INFO:    [Gog]:             Found 0 game(s) to update
(21:06:25) DEBUG:   [Legendary]:       Ran Wine command: "/home/talocha/.config/heroic/tools/wine/Wine-lutris-wine-7.2-2/bin/wine" wineboot --init
(21:06:25) INFO:    [Legendary]:       Launching Rage 2: LD_PRELOAD= WINEPREFIX=/home/talocha/Games/Heroic/Prefixes/Rage2 LD_LIBRARY_PATH=/home/talocha/.config/heroic/tools/wine/Wine-lutris-wine-7.2-2/lib:/home/talocha/.config/heroic/tools/wine/Wine-lutris-wine-7.2-2/lib64: /opt/Heroic/resources/app.asar.unpacked/build/bin/linux/legendary launch ad3d0f08dd0841d8a1ba77d94ded4773 --language en --wine /home/talocha/.config/heroic/tools/wine/Wine-lutris-wine-7.2-2/bin/wine --wine-prefix /home/talocha/Games/Heroic/Prefixes/Rage2
(21:44:27) INFO:    [Backend]:         Stopping Display Power Saver Blocker
(21:44:28) INFO:    [Frontend]:        Refreshing Library
(21:44:28) INFO:    [Legendary]:       Refreshing library...
(21:44:28) INFO:    [Legendary]:       Updating game list
(21:44:28) INFO:    [Legendary]:       Game List Updated
(21:44:28) INFO:    [Legendary]:       Checking for game updates.
(21:44:28) INFO:    [Legendary]:       Running command: /opt/Heroic/resources/app.asar.unpacked/build/bin/linux/legendary list-installed --check-updates --tsv
(21:44:30) INFO:    [Legendary]:       Found 0 game(s) to update
