(17:10:56) INFO:    [Legendary]:       Running command: /opt/Heroic/resources/app.asar.unpacked/build/bin/linux/legendary --version
(17:10:56) INFO:    [Legendary]:       Legendary location: /opt/Heroic/resources/app.asar.unpacked/build/bin/linux/legendary
(17:10:56) INFO:    [Gog]:             GOGDL location: /opt/Heroic/resources/app.asar.unpacked/build/bin/linux/gogdl
(17:10:56) INFO:    [Backend]:         

Heroic Version: 2.4.3 Chopper
Legendary Version:  0.20.28 Dark Energy (hotfix #2)
OS: Arch KERNEL: 5.19.9-arch1-1 ARCH: x64
CPU: AMD Ryzen 7 3700X 8-Core Processor @3.6 GOVERNOR: schedutil
RAM: Total: 15.51 GiB Available: 14.41 GiB
GRAPHICS: GPU0: Navi 23 [Radeon RX 6600/6600 XT/6600M] VRAM: 1MB DRIVER:  
PROTOCOL: tty

(17:10:56) WARNING: [Backend]:         Failed to register protocol with OS.
(17:10:57) INFO:    [Backend]:         AreWeAntiCheatYet data downloaded
(17:10:57) INFO:    [Backend]:         Checking for new Heroic Updates
(17:10:57) INFO:    [Frontend]:        Refreshing Library
(17:10:57) INFO:    [Legendary]:       Refreshing library...
(17:10:57) INFO:    [Legendary]:       Refreshing Epic Games...
(17:10:58) INFO:    [Legendary]:       Running command: /opt/Heroic/resources/app.asar.unpacked/build/bin/linux/legendary list
(17:10:59) INFO:    [Backend]:         Downloaded Winetricks
(17:11:00) INFO:    [Backend]:         Launching Rage 2 (ad3d0f08dd0841d8a1ba77d94ded4773)
(17:11:00) INFO:    [Backend]:         Preventing display from sleep
(17:11:00) INFO:    [Legendary]:       Running command: /opt/Heroic/resources/app.asar.unpacked/build/bin/linux/legendary --version
(17:11:01) DEBUG:   [Legendary]:       Running Wine command: "/home/talocha/.config/heroic/tools/wine/Wine-lutris-wine-7.2-2/bin/wine" wineboot --init
(17:11:01) INFO:    [Legendary]:       Updating game list
(17:11:01) INFO:    [Legendary]:       Game List Updated
(17:11:02) INFO:    [Legendary]:       Checking for game updates.
(17:11:02) INFO:    [Legendary]:       Running command: /opt/Heroic/resources/app.asar.unpacked/build/bin/linux/legendary list-installed --check-updates --tsv
(17:11:03) INFO:    [Legendary]:       Found 0 game(s) to update
(17:11:03) INFO:    [Gog]:             Found 0 game(s) to update
(17:11:08) DEBUG:   [Legendary]:       Ran Wine command: "/home/talocha/.config/heroic/tools/wine/Wine-lutris-wine-7.2-2/bin/wine" wineboot --init
(17:11:08) INFO:    [Legendary]:       Launching Rage 2: LD_PRELOAD= WINEPREFIX=/home/talocha/Games/Heroic/Prefixes/Rage2 LD_LIBRARY_PATH=/home/talocha/.config/heroic/tools/wine/Wine-lutris-wine-7.2-2/lib:/home/talocha/.config/heroic/tools/wine/Wine-lutris-wine-7.2-2/lib64: /opt/Heroic/resources/app.asar.unpacked/build/bin/linux/legendary launch ad3d0f08dd0841d8a1ba77d94ded4773 --language en --wine /home/talocha/.config/heroic/tools/wine/Wine-lutris-wine-7.2-2/bin/wine --wine-prefix /home/talocha/Games/Heroic/Prefixes/Rage2
