(09:13:06) INFO:    [Legendary]:       Running command: /opt/Heroic/resources/app.asar.unpacked/build/bin/linux/legendary --version
(09:13:06) INFO:    [Legendary]:       Legendary location: /opt/Heroic/resources/app.asar.unpacked/build/bin/linux/legendary
(09:13:06) INFO:    [Gog]:             GOGDL location: /opt/Heroic/resources/app.asar.unpacked/build/bin/linux/gogdl
(09:13:06) INFO:    [Backend]:         

Heroic Version: 2.4.3 Chopper
Legendary Version:  0.20.28 Dark Energy (hotfix #2)
OS: Arch KERNEL: 5.19.10-arch1-1 ARCH: x64
CPU: AMD Ryzen 7 3700X 8-Core Processor @3.6 GOVERNOR: schedutil
RAM: Total: 15.51 GiB Available: 14.17 GiB
GRAPHICS: GPU0: Navi 23 [Radeon RX 6600/6600 XT/6600M] VRAM: 1MB DRIVER:  
PROTOCOL: tty

(09:13:06) WARNING: [Backend]:         Failed to register protocol with OS.
(09:13:07) INFO:    [Backend]:         Checking for new Heroic Updates
(09:13:07) INFO:    [Frontend]:        Refreshing Library
(09:13:07) INFO:    [Legendary]:       Refreshing library...
(09:13:07) INFO:    [Legendary]:       Refreshing Epic Games...
(09:13:12) INFO:    [Backend]:         Launching Batman™ Arkham City - Game of the Year Edition (Egret)
(09:13:12) INFO:    [Backend]:         Preventing display from sleep
(09:13:12) INFO:    [Legendary]:       Running command: /opt/Heroic/resources/app.asar.unpacked/build/bin/linux/legendary --version
(09:13:17) INFO:    [Backend]:         AreWeAntiCheatYet data downloaded
(09:13:17) INFO:    [Backend]:         Downloaded Winetricks
(09:13:18) DEBUG:   [Legendary]:       Running Wine command: "/home/talocha/.local/share/lutris/runners/wine/lutris-7.2-2-x86_64/bin/wine" wineboot --init
(09:13:18) INFO:    [Legendary]:       Running command: /opt/Heroic/resources/app.asar.unpacked/build/bin/linux/legendary list
(09:13:20) INFO:    [Legendary]:       Updating game list
(09:13:20) INFO:    [Legendary]:       Game List Updated
(09:13:20) INFO:    [Legendary]:       Checking for game updates.
(09:13:20) INFO:    [Legendary]:       Running command: /opt/Heroic/resources/app.asar.unpacked/build/bin/linux/legendary list-installed --check-updates --tsv
(09:13:22) INFO:    [Legendary]:       Found 0 game(s) to update
(09:13:22) INFO:    [Gog]:             Found 0 game(s) to update
(09:13:23) DEBUG:   [Legendary]:       Ran Wine command: "/home/talocha/.local/share/lutris/runners/wine/lutris-7.2-2-x86_64/bin/wine" wineboot --init
(09:13:23) INFO:    [Legendary]:       Launching Batman™ Arkham City - Game of the Year Edition: LD_PRELOAD= WINEPREFIX=/home/talocha/Games/Heroic/Prefixes/BatmanArkhamCity DXVK_HUD=fps WINE_FULLSCREEN_FSR=1 WINE_FULLSCREEN_FSR_STRENGTH=5 WINEFSYNC=1 /opt/Heroic/resources/app.asar.unpacked/build/bin/linux/legendary launch Egret --language en --wine /home/talocha/.local/share/lutris/runners/wine/lutris-7.2-2-x86_64/bin/wine --wine-prefix /home/talocha/Games/Heroic/Prefixes/BatmanArkhamCity
