[2022-09-15 10:28:04.406] [renderer1] [error] Cannot read properties of undefined (reading 'length'): TypeError: Cannot read properties of undefined (reading 'length')
    at C.next (vscode-file://vscode-app/usr/lib/code/out/vs/workbench/workbench.desktop.main.js:84:74395)
    at C.reset (vscode-file://vscode-app/usr/lib/code/out/vs/workbench/workbench.desktop.main.js:84:74281)
    at o._delete (vscode-file://vscode-app/usr/lib/code/out/vs/workbench/workbench.desktop.main.js:84:79813)
    at o._delete (vscode-file://vscode-app/usr/lib/code/out/vs/workbench/workbench.desktop.main.js:84:80202)
    at o.delete (vscode-file://vscode-app/usr/lib/code/out/vs/workbench/workbench.desktop.main.js:84:79723)
    at vscode-file://vscode-app/usr/lib/code/out/vs/workbench/workbench.desktop.main.js:598:62270
    at S.invoke (vscode-file://vscode-app/usr/lib/code/out/vs/workbench/workbench.desktop.main.js:83:145)
    at l.deliver (vscode-file://vscode-app/usr/lib/code/out/vs/workbench/workbench.desktop.main.js:83:2266)
    at a.fire (vscode-file://vscode-app/usr/lib/code/out/vs/workbench/workbench.desktop.main.js:83:1844)
    at O.triggerConfigurationChange (vscode-file://vscode-app/usr/lib/code/out/vs/workbench/workbench.desktop.main.js:2696:44274)
    at O.onLocalUserConfigurationChanged (vscode-file://vscode-app/usr/lib/code/out/vs/workbench/workbench.desktop.main.js:2696:37033)
    at O.reloadLocalUserConfiguration (vscode-file://vscode-app/usr/lib/code/out/vs/workbench/workbench.desktop.main.js:2696:32631)
    at async O.writeConfigurationValue (vscode-file://vscode-app/usr/lib/code/out/vs/workbench/workbench.desktop.main.js:2696:43378)
    at async Promise.all (index 0)
    at async Object.J [as settled] (vscode-file://vscode-app/usr/lib/code/out/vs/workbench/workbench.desktop.main.js:87:22728)
    at async O.updateValue (vscode-file://vscode-app/usr/lib/code/out/vs/workbench/workbench.desktop.main.js:2696:26255)
    at async z.setColorTheme (vscode-file://vscode-app/usr/lib/code/out/vs/workbench/workbench.desktop.main.js:2283:21395)
[2022-09-15 10:28:06.588] [renderer1] [error] Cannot read properties of undefined (reading 'length'): TypeError: Cannot read properties of undefined (reading 'length')
    at C.next (vscode-file://vscode-app/usr/lib/code/out/vs/workbench/workbench.desktop.main.js:84:74395)
    at C.reset (vscode-file://vscode-app/usr/lib/code/out/vs/workbench/workbench.desktop.main.js:84:74281)
    at o._delete (vscode-file://vscode-app/usr/lib/code/out/vs/workbench/workbench.desktop.main.js:84:79813)
    at o._delete (vscode-file://vscode-app/usr/lib/code/out/vs/workbench/workbench.desktop.main.js:84:80202)
    at o.delete (vscode-file://vscode-app/usr/lib/code/out/vs/workbench/workbench.desktop.main.js:84:79723)
    at vscode-file://vscode-app/usr/lib/code/out/vs/workbench/workbench.desktop.main.js:598:62270
    at S.invoke (vscode-file://vscode-app/usr/lib/code/out/vs/workbench/workbench.desktop.main.js:83:145)
    at l.deliver (vscode-file://vscode-app/usr/lib/code/out/vs/workbench/workbench.desktop.main.js:83:2266)
    at a.fire (vscode-file://vscode-app/usr/lib/code/out/vs/workbench/workbench.desktop.main.js:83:1844)
    at O.triggerConfigurationChange (vscode-file://vscode-app/usr/lib/code/out/vs/workbench/workbench.desktop.main.js:2696:44274)
    at O.onLocalUserConfigurationChanged (vscode-file://vscode-app/usr/lib/code/out/vs/workbench/workbench.desktop.main.js:2696:37033)
    at O.reloadLocalUserConfiguration (vscode-file://vscode-app/usr/lib/code/out/vs/workbench/workbench.desktop.main.js:2696:32631)
    at async O.writeConfigurationValue (vscode-file://vscode-app/usr/lib/code/out/vs/workbench/workbench.desktop.main.js:2696:43378)
    at async Promise.all (index 0)
    at async Object.J [as settled] (vscode-file://vscode-app/usr/lib/code/out/vs/workbench/workbench.desktop.main.js:87:22728)
    at async O.updateValue (vscode-file://vscode-app/usr/lib/code/out/vs/workbench/workbench.desktop.main.js:2696:26255)
    at async z.setColorTheme (vscode-file://vscode-app/usr/lib/code/out/vs/workbench/workbench.desktop.main.js:2283:21395)
[2022-09-15 10:28:08.448] [renderer1] [error] Cannot read properties of undefined (reading 'length'): TypeError: Cannot read properties of undefined (reading 'length')
    at C.next (vscode-file://vscode-app/usr/lib/code/out/vs/workbench/workbench.desktop.main.js:84:74395)
    at C.reset (vscode-file://vscode-app/usr/lib/code/out/vs/workbench/workbench.desktop.main.js:84:74281)
    at o._delete (vscode-file://vscode-app/usr/lib/code/out/vs/workbench/workbench.desktop.main.js:84:79813)
    at o._delete (vscode-file://vscode-app/usr/lib/code/out/vs/workbench/workbench.desktop.main.js:84:80202)
    at o.delete (vscode-file://vscode-app/usr/lib/code/out/vs/workbench/workbench.desktop.main.js:84:79723)
    at vscode-file://vscode-app/usr/lib/code/out/vs/workbench/workbench.desktop.main.js:598:62270
    at S.invoke (vscode-file://vscode-app/usr/lib/code/out/vs/workbench/workbench.desktop.main.js:83:145)
    at l.deliver (vscode-file://vscode-app/usr/lib/code/out/vs/workbench/workbench.desktop.main.js:83:2266)
    at a.fire (vscode-file://vscode-app/usr/lib/code/out/vs/workbench/workbench.desktop.main.js:83:1844)
    at O.triggerConfigurationChange (vscode-file://vscode-app/usr/lib/code/out/vs/workbench/workbench.desktop.main.js:2696:44274)
    at O.onLocalUserConfigurationChanged (vscode-file://vscode-app/usr/lib/code/out/vs/workbench/workbench.desktop.main.js:2696:37033)
    at O.reloadLocalUserConfiguration (vscode-file://vscode-app/usr/lib/code/out/vs/workbench/workbench.desktop.main.js:2696:32631)
    at async O.writeConfigurationValue (vscode-file://vscode-app/usr/lib/code/out/vs/workbench/workbench.desktop.main.js:2696:43378)
    at async Promise.all (index 0)
    at async Object.J [as settled] (vscode-file://vscode-app/usr/lib/code/out/vs/workbench/workbench.desktop.main.js:87:22728)
    at async O.updateValue (vscode-file://vscode-app/usr/lib/code/out/vs/workbench/workbench.desktop.main.js:2696:26255)
    at async z.setColorTheme (vscode-file://vscode-app/usr/lib/code/out/vs/workbench/workbench.desktop.main.js:2283:21395)
[2022-09-15 10:28:11.560] [renderer1] [error] Cannot read properties of undefined (reading 'length'): TypeError: Cannot read properties of undefined (reading 'length')
    at C.next (vscode-file://vscode-app/usr/lib/code/out/vs/workbench/workbench.desktop.main.js:84:74395)
    at C.reset (vscode-file://vscode-app/usr/lib/code/out/vs/workbench/workbench.desktop.main.js:84:74281)
    at o._delete (vscode-file://vscode-app/usr/lib/code/out/vs/workbench/workbench.desktop.main.js:84:79813)
    at o._delete (vscode-file://vscode-app/usr/lib/code/out/vs/workbench/workbench.desktop.main.js:84:80202)
    at o.delete (vscode-file://vscode-app/usr/lib/code/out/vs/workbench/workbench.desktop.main.js:84:79723)
    at vscode-file://vscode-app/usr/lib/code/out/vs/workbench/workbench.desktop.main.js:598:62270
    at S.invoke (vscode-file://vscode-app/usr/lib/code/out/vs/workbench/workbench.desktop.main.js:83:145)
    at l.deliver (vscode-file://vscode-app/usr/lib/code/out/vs/workbench/workbench.desktop.main.js:83:2266)
    at a.fire (vscode-file://vscode-app/usr/lib/code/out/vs/workbench/workbench.desktop.main.js:83:1844)
    at O.triggerConfigurationChange (vscode-file://vscode-app/usr/lib/code/out/vs/workbench/workbench.desktop.main.js:2696:44274)
    at O.onLocalUserConfigurationChanged (vscode-file://vscode-app/usr/lib/code/out/vs/workbench/workbench.desktop.main.js:2696:37033)
    at O.reloadLocalUserConfiguration (vscode-file://vscode-app/usr/lib/code/out/vs/workbench/workbench.desktop.main.js:2696:32631)
    at async O.writeConfigurationValue (vscode-file://vscode-app/usr/lib/code/out/vs/workbench/workbench.desktop.main.js:2696:43378)
    at async Promise.all (index 0)
    at async Object.J [as settled] (vscode-file://vscode-app/usr/lib/code/out/vs/workbench/workbench.desktop.main.js:87:22728)
    at async O.updateValue (vscode-file://vscode-app/usr/lib/code/out/vs/workbench/workbench.desktop.main.js:2696:26255)
    at async z.setColorTheme (vscode-file://vscode-app/usr/lib/code/out/vs/workbench/workbench.desktop.main.js:2283:21395)
[2022-09-15 10:28:13.744] [renderer1] [error] Cannot read properties of undefined (reading 'length'): TypeError: Cannot read properties of undefined (reading 'length')
    at C.next (vscode-file://vscode-app/usr/lib/code/out/vs/workbench/workbench.desktop.main.js:84:74395)
    at C.reset (vscode-file://vscode-app/usr/lib/code/out/vs/workbench/workbench.desktop.main.js:84:74281)
    at o._delete (vscode-file://vscode-app/usr/lib/code/out/vs/workbench/workbench.desktop.main.js:84:79813)
    at o._delete (vscode-file://vscode-app/usr/lib/code/out/vs/workbench/workbench.desktop.main.js:84:80202)
    at o.delete (vscode-file://vscode-app/usr/lib/code/out/vs/workbench/workbench.desktop.main.js:84:79723)
    at vscode-file://vscode-app/usr/lib/code/out/vs/workbench/workbench.desktop.main.js:598:62270
    at S.invoke (vscode-file://vscode-app/usr/lib/code/out/vs/workbench/workbench.desktop.main.js:83:145)
    at l.deliver (vscode-file://vscode-app/usr/lib/code/out/vs/workbench/workbench.desktop.main.js:83:2266)
    at a.fire (vscode-file://vscode-app/usr/lib/code/out/vs/workbench/workbench.desktop.main.js:83:1844)
    at O.triggerConfigurationChange (vscode-file://vscode-app/usr/lib/code/out/vs/workbench/workbench.desktop.main.js:2696:44274)
    at O.onLocalUserConfigurationChanged (vscode-file://vscode-app/usr/lib/code/out/vs/workbench/workbench.desktop.main.js:2696:37033)
    at O.reloadLocalUserConfiguration (vscode-file://vscode-app/usr/lib/code/out/vs/workbench/workbench.desktop.main.js:2696:32631)
    at async O.writeConfigurationValue (vscode-file://vscode-app/usr/lib/code/out/vs/workbench/workbench.desktop.main.js:2696:43378)
    at async Promise.all (index 0)
    at async Object.J [as settled] (vscode-file://vscode-app/usr/lib/code/out/vs/workbench/workbench.desktop.main.js:87:22728)
    at async O.updateValue (vscode-file://vscode-app/usr/lib/code/out/vs/workbench/workbench.desktop.main.js:2696:26255)
    at async z.setColorTheme (vscode-file://vscode-app/usr/lib/code/out/vs/workbench/workbench.desktop.main.js:2283:21395)
[2022-09-15 10:28:15.011] [renderer1] [error] Cannot read properties of undefined (reading 'length'): TypeError: Cannot read properties of undefined (reading 'length')
    at C.next (vscode-file://vscode-app/usr/lib/code/out/vs/workbench/workbench.desktop.main.js:84:74395)
    at C.reset (vscode-file://vscode-app/usr/lib/code/out/vs/workbench/workbench.desktop.main.js:84:74281)
    at o._delete (vscode-file://vscode-app/usr/lib/code/out/vs/workbench/workbench.desktop.main.js:84:79813)
    at o._delete (vscode-file://vscode-app/usr/lib/code/out/vs/workbench/workbench.desktop.main.js:84:80202)
    at o.delete (vscode-file://vscode-app/usr/lib/code/out/vs/workbench/workbench.desktop.main.js:84:79723)
    at vscode-file://vscode-app/usr/lib/code/out/vs/workbench/workbench.desktop.main.js:598:62270
    at S.invoke (vscode-file://vscode-app/usr/lib/code/out/vs/workbench/workbench.desktop.main.js:83:145)
    at l.deliver (vscode-file://vscode-app/usr/lib/code/out/vs/workbench/workbench.desktop.main.js:83:2266)
    at a.fire (vscode-file://vscode-app/usr/lib/code/out/vs/workbench/workbench.desktop.main.js:83:1844)
    at O.triggerConfigurationChange (vscode-file://vscode-app/usr/lib/code/out/vs/workbench/workbench.desktop.main.js:2696:44274)
    at O.onLocalUserConfigurationChanged (vscode-file://vscode-app/usr/lib/code/out/vs/workbench/workbench.desktop.main.js:2696:37033)
    at O.reloadLocalUserConfiguration (vscode-file://vscode-app/usr/lib/code/out/vs/workbench/workbench.desktop.main.js:2696:32631)
    at async O.writeConfigurationValue (vscode-file://vscode-app/usr/lib/code/out/vs/workbench/workbench.desktop.main.js:2696:43378)
    at async Promise.all (index 0)
    at async Object.J [as settled] (vscode-file://vscode-app/usr/lib/code/out/vs/workbench/workbench.desktop.main.js:87:22728)
    at async O.updateValue (vscode-file://vscode-app/usr/lib/code/out/vs/workbench/workbench.desktop.main.js:2696:26255)
    at async z.setColorTheme (vscode-file://vscode-app/usr/lib/code/out/vs/workbench/workbench.desktop.main.js:2283:21395)
[2022-09-15 10:28:16.535] [renderer1] [error] Cannot read properties of undefined (reading 'length'): TypeError: Cannot read properties of undefined (reading 'length')
    at C.next (vscode-file://vscode-app/usr/lib/code/out/vs/workbench/workbench.desktop.main.js:84:74395)
    at C.reset (vscode-file://vscode-app/usr/lib/code/out/vs/workbench/workbench.desktop.main.js:84:74281)
    at o._delete (vscode-file://vscode-app/usr/lib/code/out/vs/workbench/workbench.desktop.main.js:84:79813)
    at o._delete (vscode-file://vscode-app/usr/lib/code/out/vs/workbench/workbench.desktop.main.js:84:80202)
    at o.delete (vscode-file://vscode-app/usr/lib/code/out/vs/workbench/workbench.desktop.main.js:84:79723)
    at vscode-file://vscode-app/usr/lib/code/out/vs/workbench/workbench.desktop.main.js:598:62270
    at S.invoke (vscode-file://vscode-app/usr/lib/code/out/vs/workbench/workbench.desktop.main.js:83:145)
    at l.deliver (vscode-file://vscode-app/usr/lib/code/out/vs/workbench/workbench.desktop.main.js:83:2266)
    at a.fire (vscode-file://vscode-app/usr/lib/code/out/vs/workbench/workbench.desktop.main.js:83:1844)
    at O.triggerConfigurationChange (vscode-file://vscode-app/usr/lib/code/out/vs/workbench/workbench.desktop.main.js:2696:44274)
    at O.onLocalUserConfigurationChanged (vscode-file://vscode-app/usr/lib/code/out/vs/workbench/workbench.desktop.main.js:2696:37033)
    at O.reloadLocalUserConfiguration (vscode-file://vscode-app/usr/lib/code/out/vs/workbench/workbench.desktop.main.js:2696:32631)
    at async O.writeConfigurationValue (vscode-file://vscode-app/usr/lib/code/out/vs/workbench/workbench.desktop.main.js:2696:43378)
    at async Promise.all (index 0)
    at async Object.J [as settled] (vscode-file://vscode-app/usr/lib/code/out/vs/workbench/workbench.desktop.main.js:87:22728)
    at async O.updateValue (vscode-file://vscode-app/usr/lib/code/out/vs/workbench/workbench.desktop.main.js:2696:26255)
    at async z.setColorTheme (vscode-file://vscode-app/usr/lib/code/out/vs/workbench/workbench.desktop.main.js:2283:21395)
[2022-09-15 10:28:18.307] [renderer1] [error] Cannot read properties of undefined (reading 'length'): TypeError: Cannot read properties of undefined (reading 'length')
    at C.next (vscode-file://vscode-app/usr/lib/code/out/vs/workbench/workbench.desktop.main.js:84:74395)
    at C.reset (vscode-file://vscode-app/usr/lib/code/out/vs/workbench/workbench.desktop.main.js:84:74281)
    at o._delete (vscode-file://vscode-app/usr/lib/code/out/vs/workbench/workbench.desktop.main.js:84:79813)
    at o._delete (vscode-file://vscode-app/usr/lib/code/out/vs/workbench/workbench.desktop.main.js:84:80202)
    at o.delete (vscode-file://vscode-app/usr/lib/code/out/vs/workbench/workbench.desktop.main.js:84:79723)
    at vscode-file://vscode-app/usr/lib/code/out/vs/workbench/workbench.desktop.main.js:598:62270
    at S.invoke (vscode-file://vscode-app/usr/lib/code/out/vs/workbench/workbench.desktop.main.js:83:145)
    at l.deliver (vscode-file://vscode-app/usr/lib/code/out/vs/workbench/workbench.desktop.main.js:83:2266)
    at a.fire (vscode-file://vscode-app/usr/lib/code/out/vs/workbench/workbench.desktop.main.js:83:1844)
    at O.triggerConfigurationChange (vscode-file://vscode-app/usr/lib/code/out/vs/workbench/workbench.desktop.main.js:2696:44274)
    at O.onLocalUserConfigurationChanged (vscode-file://vscode-app/usr/lib/code/out/vs/workbench/workbench.desktop.main.js:2696:37033)
    at O.reloadLocalUserConfiguration (vscode-file://vscode-app/usr/lib/code/out/vs/workbench/workbench.desktop.main.js:2696:32631)
    at async O.writeConfigurationValue (vscode-file://vscode-app/usr/lib/code/out/vs/workbench/workbench.desktop.main.js:2696:43378)
    at async Promise.all (index 0)
    at async Object.J [as settled] (vscode-file://vscode-app/usr/lib/code/out/vs/workbench/workbench.desktop.main.js:87:22728)
    at async O.updateValue (vscode-file://vscode-app/usr/lib/code/out/vs/workbench/workbench.desktop.main.js:2696:26255)
    at async z.setColorTheme (vscode-file://vscode-app/usr/lib/code/out/vs/workbench/workbench.desktop.main.js:2283:21395)
[2022-09-15 10:28:19.752] [renderer1] [error] Cannot read properties of undefined (reading 'length'): TypeError: Cannot read properties of undefined (reading 'length')
    at C.next (vscode-file://vscode-app/usr/lib/code/out/vs/workbench/workbench.desktop.main.js:84:74395)
    at C.reset (vscode-file://vscode-app/usr/lib/code/out/vs/workbench/workbench.desktop.main.js:84:74281)
    at o._delete (vscode-file://vscode-app/usr/lib/code/out/vs/workbench/workbench.desktop.main.js:84:79813)
    at o._delete (vscode-file://vscode-app/usr/lib/code/out/vs/workbench/workbench.desktop.main.js:84:80202)
    at o.delete (vscode-file://vscode-app/usr/lib/code/out/vs/workbench/workbench.desktop.main.js:84:79723)
    at vscode-file://vscode-app/usr/lib/code/out/vs/workbench/workbench.desktop.main.js:598:62270
    at S.invoke (vscode-file://vscode-app/usr/lib/code/out/vs/workbench/workbench.desktop.main.js:83:145)
    at l.deliver (vscode-file://vscode-app/usr/lib/code/out/vs/workbench/workbench.desktop.main.js:83:2266)
    at a.fire (vscode-file://vscode-app/usr/lib/code/out/vs/workbench/workbench.desktop.main.js:83:1844)
    at O.triggerConfigurationChange (vscode-file://vscode-app/usr/lib/code/out/vs/workbench/workbench.desktop.main.js:2696:44274)
    at O.onLocalUserConfigurationChanged (vscode-file://vscode-app/usr/lib/code/out/vs/workbench/workbench.desktop.main.js:2696:37033)
    at O.reloadLocalUserConfiguration (vscode-file://vscode-app/usr/lib/code/out/vs/workbench/workbench.desktop.main.js:2696:32631)
    at async O.writeConfigurationValue (vscode-file://vscode-app/usr/lib/code/out/vs/workbench/workbench.desktop.main.js:2696:43378)
    at async Promise.all (index 0)
    at async Object.J [as settled] (vscode-file://vscode-app/usr/lib/code/out/vs/workbench/workbench.desktop.main.js:87:22728)
    at async O.updateValue (vscode-file://vscode-app/usr/lib/code/out/vs/workbench/workbench.desktop.main.js:2696:26255)
    at async z.setColorTheme (vscode-file://vscode-app/usr/lib/code/out/vs/workbench/workbench.desktop.main.js:2283:21395)
[2022-09-15 10:28:23.605] [renderer1] [error] RequestService#request (browser) - error https://open-vsx.org/vscode/gallery/extensionquery {}
[2022-09-15 10:28:23.605] [renderer1] [error] Error: XHR failed
    at v.onerror (vscode-file://vscode-app/usr/lib/code/out/vs/workbench/workbench.desktop.main.js:70:8688)
[2022-09-15 10:28:34.689] [renderer1] [error] Cannot read properties of undefined (reading 'length'): TypeError: Cannot read properties of undefined (reading 'length')
    at C.next (vscode-file://vscode-app/usr/lib/code/out/vs/workbench/workbench.desktop.main.js:84:74395)
    at C.reset (vscode-file://vscode-app/usr/lib/code/out/vs/workbench/workbench.desktop.main.js:84:74281)
    at o._delete (vscode-file://vscode-app/usr/lib/code/out/vs/workbench/workbench.desktop.main.js:84:79813)
    at o._delete (vscode-file://vscode-app/usr/lib/code/out/vs/workbench/workbench.desktop.main.js:84:80202)
    at o.delete (vscode-file://vscode-app/usr/lib/code/out/vs/workbench/workbench.desktop.main.js:84:79723)
    at vscode-file://vscode-app/usr/lib/code/out/vs/workbench/workbench.desktop.main.js:598:62270
    at S.invoke (vscode-file://vscode-app/usr/lib/code/out/vs/workbench/workbench.desktop.main.js:83:145)
    at l.deliver (vscode-file://vscode-app/usr/lib/code/out/vs/workbench/workbench.desktop.main.js:83:2266)
    at a.fire (vscode-file://vscode-app/usr/lib/code/out/vs/workbench/workbench.desktop.main.js:83:1844)
    at O.triggerConfigurationChange (vscode-file://vscode-app/usr/lib/code/out/vs/workbench/workbench.desktop.main.js:2696:44274)
    at O.onLocalUserConfigurationChanged (vscode-file://vscode-app/usr/lib/code/out/vs/workbench/workbench.desktop.main.js:2696:37033)
    at O.reloadLocalUserConfiguration (vscode-file://vscode-app/usr/lib/code/out/vs/workbench/workbench.desktop.main.js:2696:32631)
    at async O.writeConfigurationValue (vscode-file://vscode-app/usr/lib/code/out/vs/workbench/workbench.desktop.main.js:2696:43378)
    at async Promise.all (index 0)
    at async Object.J [as settled] (vscode-file://vscode-app/usr/lib/code/out/vs/workbench/workbench.desktop.main.js:87:22728)
    at async O.updateValue (vscode-file://vscode-app/usr/lib/code/out/vs/workbench/workbench.desktop.main.js:2696:26255)
    at async z.setColorTheme (vscode-file://vscode-app/usr/lib/code/out/vs/workbench/workbench.desktop.main.js:2283:21395)
[2022-09-15 10:28:35.906] [renderer1] [error] Cannot read properties of undefined (reading 'length'): TypeError: Cannot read properties of undefined (reading 'length')
    at C.next (vscode-file://vscode-app/usr/lib/code/out/vs/workbench/workbench.desktop.main.js:84:74395)
    at C.reset (vscode-file://vscode-app/usr/lib/code/out/vs/workbench/workbench.desktop.main.js:84:74281)
    at o._delete (vscode-file://vscode-app/usr/lib/code/out/vs/workbench/workbench.desktop.main.js:84:79813)
    at o._delete (vscode-file://vscode-app/usr/lib/code/out/vs/workbench/workbench.desktop.main.js:84:80202)
    at o.delete (vscode-file://vscode-app/usr/lib/code/out/vs/workbench/workbench.desktop.main.js:84:79723)
    at vscode-file://vscode-app/usr/lib/code/out/vs/workbench/workbench.desktop.main.js:598:62270
    at S.invoke (vscode-file://vscode-app/usr/lib/code/out/vs/workbench/workbench.desktop.main.js:83:145)
    at l.deliver (vscode-file://vscode-app/usr/lib/code/out/vs/workbench/workbench.desktop.main.js:83:2266)
    at a.fire (vscode-file://vscode-app/usr/lib/code/out/vs/workbench/workbench.desktop.main.js:83:1844)
    at O.triggerConfigurationChange (vscode-file://vscode-app/usr/lib/code/out/vs/workbench/workbench.desktop.main.js:2696:44274)
    at O.onLocalUserConfigurationChanged (vscode-file://vscode-app/usr/lib/code/out/vs/workbench/workbench.desktop.main.js:2696:37033)
    at O.reloadLocalUserConfiguration (vscode-file://vscode-app/usr/lib/code/out/vs/workbench/workbench.desktop.main.js:2696:32631)
    at async O.writeConfigurationValue (vscode-file://vscode-app/usr/lib/code/out/vs/workbench/workbench.desktop.main.js:2696:43378)
    at async Promise.all (index 0)
    at async Object.J [as settled] (vscode-file://vscode-app/usr/lib/code/out/vs/workbench/workbench.desktop.main.js:87:22728)
    at async O.updateValue (vscode-file://vscode-app/usr/lib/code/out/vs/workbench/workbench.desktop.main.js:2696:26255)
    at async z.setColorTheme (vscode-file://vscode-app/usr/lib/code/out/vs/workbench/workbench.desktop.main.js:2283:21395)
[2022-09-15 10:29:53.605] [renderer1] [error] RequestService#request (browser) - error https://open-vsx.org/vscode/gallery/extensionquery {}
[2022-09-15 10:29:53.605] [renderer1] [error] Error: XHR failed
    at v.onerror (vscode-file://vscode-app/usr/lib/code/out/vs/workbench/workbench.desktop.main.js:70:8688)
[2022-09-15 10:31:18.407] [renderer1] [critical] Extension 'ms-toolsai.jupyter CANNOT USE these API proposals 'notebookControllerKind, notebookWorkspaceEdit, notebookDebugOptions, notebookDeprecated, notebookMessaging, notebookMime, notebookCellExecutionState, portsAttributes, quickPickSortByLabel, notebookKernelSource, interactiveWindow'. You MUST start in extension development mode or use the --enable-proposed-api command line flag
[2022-09-15 10:31:18.408] [renderer1] [critical] Extension 'ms-python.python CANNOT USE these API proposals 'quickPickSortByLabel, testObserver'. You MUST start in extension development mode or use the --enable-proposed-api command line flag
[2022-09-15 10:31:18.441] [renderer1] [error] [ms-toolsai.jupyter]: notebook/kernelSource is a proposed menu identifier. It requires 'package.json#enabledApiProposals: ["notebookKernelSource"]' and is only available when running out of dev or with the following command line switch: --enable-proposed-api ms-toolsai.jupyter
[2022-09-15 10:31:19.341] [renderer1] [error] [Extension Host] extension activation failed Error: Extension 'ms-toolsai.jupyter' CANNOT use API proposal: notebookCellExecutionState.
Its package.json#enabledApiProposals-property declares:  but NOT notebookCellExecutionState.
 The missing proposal MUST be added and you must start in extension development mode or use the following command line switch: --enable-proposed-api ms-toolsai.jupyter
	at g (/usr/lib/code/out/vs/workbench/api/node/extensionHostProcess.js:83:68142)
	at d.onDidChangeNotebookCellExecutionState (/usr/lib/code/out/vs/workbench/api/node/extensionHostProcess.js:106:53129)
	at new m (/home/talocha/.vscode-oss/extensions/ms-toolsai.jupyter-2022.8.1002460559/out/extension.node.js:2:327996)
	at t.resolveInstance (/home/talocha/.vscode-oss/extensions/ms-toolsai.jupyter-2022.8.1002460559/out/extension.node.js:17:1409613)
	at /home/talocha/.vscode-oss/extensions/ms-toolsai.jupyter-2022.8.1002460559/out/extension.node.js:17:1411551
	at /home/talocha/.vscode-oss/extensions/ms-toolsai.jupyter-2022.8.1002460559/out/extension.node.js:17:1410469
	at Array.map (<anonymous>)
	at /home/talocha/.vscode-oss/extensions/ms-toolsai.jupyter-2022.8.1002460559/out/extension.node.js:17:1410441
	at Array.map (<anonymous>)
	at t.resolveInstance (/home/talocha/.vscode-oss/extensions/ms-toolsai.jupyter-2022.8.1002460559/out/extension.node.js:17:1409387)
	at /home/talocha/.vscode-oss/extensions/ms-toolsai.jupyter-2022.8.1002460559/out/extension.node.js:17:1411551
	at t.resolve (/home/talocha/.vscode-oss/extensions/ms-toolsai.jupyter-2022.8.1002460559/out/extension.node.js:17:1411814)
	at /home/talocha/.vscode-oss/extensions/ms-toolsai.jupyter-2022.8.1002460559/out/extension.node.js:17:1395227
	at e._get (/home/talocha/.vscode-oss/extensions/ms-toolsai.jupyter-2022.8.1002460559/out/extension.node.js:17:1394993)
	at e.get (/home/talocha/.vscode-oss/extensions/ms-toolsai.jupyter-2022.8.1002460559/out/extension.node.js:17:1393636)
	at a.get (/home/talocha/.vscode-oss/extensions/ms-toolsai.jupyter-2022.8.1002460559/out/extension.node.js:17:51713)
	at /home/talocha/.vscode-oss/extensions/ms-toolsai.jupyter-2022.8.1002460559/out/extension.node.js:2:4933
[2022-09-15 10:33:22.371] [renderer1] [error] [ms-toolsai.jupyter]: notebook/kernelSource is a proposed menu identifier. It requires 'package.json#enabledApiProposals: ["notebookKernelSource"]' and is only available when running out of dev or with the following command line switch: --enable-proposed-api ms-toolsai.jupyter
