[2022-09-15 10:27:48.055] [sharedprocess] [info] Starting worker process with pid 57306 (type: fileWatcher, window: 1).
[2022-09-15 10:29:15.553] [sharedprocess] [info] Worker process with pid 57306 terminated normally (type: fileWatcher, window: 1).
[2022-09-15 10:29:16.529] [sharedprocess] [info] Starting worker process with pid 64317 (type: fileWatcher, window: 1).
[2022-09-15 10:31:01.607] [sharedprocess] [info] Getting Manifest... ms-python.python
[2022-09-15 10:31:01.668] [sharedprocess] [info] Installing extension: ms-python.python
[2022-09-15 10:31:02.004] [sharedprocess] [info] Getting Manifest... ms-toolsai.jupyter
[2022-09-15 10:31:02.712] [sharedprocess] [info] Getting Manifest... ms-toolsai.jupyter-renderers
[2022-09-15 10:31:03.112] [sharedprocess] [info] Getting Manifest... ms-toolsai.jupyter-keymap
[2022-09-15 10:31:03.542] [sharedprocess] [info] Installing extension: ms-toolsai.jupyter
[2022-09-15 10:31:03.543] [sharedprocess] [info] Installing extension: ms-toolsai.jupyter-renderers
[2022-09-15 10:31:03.543] [sharedprocess] [info] Installing extension: ms-toolsai.jupyter-keymap
[2022-09-15 10:31:04.530] [sharedprocess] [info] Downloaded extension: ms-toolsai.jupyter-keymap /home/talocha/.config/Code - OSS/CachedExtensionVSIXs/ms-toolsai.jupyter-keymap-1.0.0
[2022-09-15 10:31:04.548] [sharedprocess] [info] Extracted extension to /home/talocha/.vscode-oss/extensions/.df469294-b9ae-49d9-a062-28c0ea739b5f: ms-toolsai.jupyter-keymap
[2022-09-15 10:31:04.552] [sharedprocess] [info] Renamed to /home/talocha/.vscode-oss/extensions/ms-toolsai.jupyter-keymap-1.0.0
[2022-09-15 10:31:04.553] [sharedprocess] [info] Extracting completed. ms-toolsai.jupyter-keymap
[2022-09-15 10:31:06.453] [sharedprocess] [info] Downloaded extension: ms-toolsai.jupyter-renderers /home/talocha/.config/Code - OSS/CachedExtensionVSIXs/ms-toolsai.jupyter-renderers-1.0.9
[2022-09-15 10:31:06.565] [sharedprocess] [info] Extracted extension to /home/talocha/.vscode-oss/extensions/.5f79fb0f-40a4-415d-8008-8663dab96eb5: ms-toolsai.jupyter-renderers
[2022-09-15 10:31:06.571] [sharedprocess] [info] Renamed to /home/talocha/.vscode-oss/extensions/ms-toolsai.jupyter-renderers-1.0.9
[2022-09-15 10:31:06.572] [sharedprocess] [info] Extracting completed. ms-toolsai.jupyter-renderers
[2022-09-15 10:31:10.995] [sharedprocess] [info] Downloaded extension: ms-toolsai.jupyter /home/talocha/.config/Code - OSS/CachedExtensionVSIXs/ms-toolsai.jupyter-2022.8.1002460559
[2022-09-15 10:31:11.319] [sharedprocess] [info] Extracted extension to /home/talocha/.vscode-oss/extensions/.463af02b-0e7d-48dc-837c-20937a259283: ms-toolsai.jupyter
[2022-09-15 10:31:11.326] [sharedprocess] [info] Renamed to /home/talocha/.vscode-oss/extensions/ms-toolsai.jupyter-2022.8.1002460559
[2022-09-15 10:31:11.335] [sharedprocess] [info] Extracting completed. ms-toolsai.jupyter
[2022-09-15 10:31:17.453] [sharedprocess] [info] Downloaded extension: ms-python.python /home/talocha/.config/Code - OSS/CachedExtensionVSIXs/ms-python.python-2022.14.0
[2022-09-15 10:31:18.331] [sharedprocess] [info] Extracted extension to /home/talocha/.vscode-oss/extensions/.7961f86d-7222-4746-9bcc-e5769be15c55: ms-python.python
[2022-09-15 10:31:18.339] [sharedprocess] [info] Renamed to /home/talocha/.vscode-oss/extensions/ms-python.python-2022.14.0
[2022-09-15 10:31:18.341] [sharedprocess] [info] Extracting completed. ms-python.python
[2022-09-15 10:31:18.344] [sharedprocess] [info] Extension installed successfully: ms-toolsai.jupyter-keymap
[2022-09-15 10:31:18.344] [sharedprocess] [info] Extension installed successfully: ms-toolsai.jupyter-renderers
[2022-09-15 10:31:18.344] [sharedprocess] [info] Extension installed successfully: ms-toolsai.jupyter
[2022-09-15 10:31:18.344] [sharedprocess] [info] Extension installed successfully: ms-python.python
[2022-09-15 10:33:18.747] [sharedprocess] [info] Getting Manifest... james-yu.latex-workshop
[2022-09-15 10:33:18.853] [sharedprocess] [info] Installing extension: james-yu.latex-workshop
[2022-09-15 10:33:21.767] [sharedprocess] [info] Downloaded extension: james-yu.latex-workshop /home/talocha/.config/Code - OSS/CachedExtensionVSIXs/james-yu.latex-workshop-8.29.0
[2022-09-15 10:33:22.242] [sharedprocess] [info] Extracted extension to /home/talocha/.vscode-oss/extensions/.88c81236-8dfa-41de-bb0d-293c2593efef: james-yu.latex-workshop
[2022-09-15 10:33:22.250] [sharedprocess] [info] Renamed to /home/talocha/.vscode-oss/extensions/james-yu.latex-workshop-8.29.0
[2022-09-15 10:33:22.251] [sharedprocess] [info] Extracting completed. james-yu.latex-workshop
[2022-09-15 10:33:22.253] [sharedprocess] [info] Extension installed successfully: james-yu.latex-workshop
