System Info:
Heroic Version: 2.4.2 Chopper
Legendary Version:  0.20.28 Dark Energy (hotfix #2)
OS: Arch KERNEL: 5.19.8-arch1-1 ARCH: x64
CPU: AMD Ryzen 7 3700X 8-Core Processor @3.6 GOVERNOR: schedutil
RAM: Total: 15.51 GiB Available: 13.96 GiB
GRAPHICS: GPU0: Navi 23 [Radeon RX 6600/6600 XT/6600M] VRAM: 1MB DRIVER:  
PROTOCOL: tty

Game Settings: {
	"autoInstallDxvk": false,
	"autoInstallVkd3d": false,
	"preferSystemLibs": false,
	"maxSharpness": 2,
	"nvidiaPrime": false,
	"enviromentOptions": [],
	"wrapperOptions": [],
	"savesPath": "",
	"showFps": false,
	"targetExe": "",
	"useGameMode": false,
	"language": "",
	"wineVersion": {
		"bin": "/home/talocha/.local/share/lutris/runners/wine/lutris-fshack-7.2-x86_64/bin/wine",
		"name": "Wine - lutris-fshack-7.2-x86_64",
		"type": "wine",
		"wineserver": "/home/talocha/.local/share/lutris/runners/wine/lutris-fshack-7.2-x86_64/bin/wineserver",
		"wineboot": "/home/talocha/.local/share/lutris/runners/wine/lutris-fshack-7.2-x86_64/bin/wineboot"
	},
	"winePrefix": "/home/talocha/Games/Heroic/Prefixes/WolfensteinTNO",
	"otherOptions": "",
	"wineCrossoverBottle": "Heroic"
}

Game launched at: Fri Sep 16 2022 10:06:34 GMT+0100 (Western European Summer Time)

Launch Command: LD_PRELOAD= WINEPREFIX=/home/talocha/Games/Heroic/Prefixes/WolfensteinTNO /opt/Heroic/resources/app.asar.unpacked/build/bin/linux/legendary launch a64dcf9b711a4a60a3c0b6f052dfc7da --language en  --wine /home/talocha/.local/share/lutris/runners/wine/lutris-fshack-7.2-x86_64/bin/wine --wine-prefix /home/talocha/Games/Heroic/Prefixes/WolfensteinTNO

Game Log:
[cli] INFO: Logging in...
[Core] INFO: Trying to re-use existing login session...
[cli] INFO: Checking for updates...
[Core] INFO: Getting authentication token...
[cli] INFO: Launching a64dcf9b711a4a60a3c0b6f052dfc7da...
wineserver: using server-side synchronization.
002c:fixme:winediag:LdrInitializeThunk Lutris Wine 7.2 is a testing version containing experimental patches.
002c:fixme:winediag:LdrInitializeThunk Please don't report bugs about it on winehq.org and use https://github.com/lutris/wine/issues instead.
0104:fixme:ntdll:NtQuerySystemInformation info_class SYSTEM_PERFORMANCE_INFORMATION
0108:fixme:reg:RegQueryInfoKeyA security argument not supported.
0108:fixme:reg:RegQueryInfoKeyA security argument not supported.
0108:fixme:reg:RegQueryInfoKeyA security argument not supported.
019c:fixme:imm:ImeSetActiveContext (0x12a60050, 1): stub
019c:fixme:imm:ImmReleaseContext (00000000000100A6, 0000000012A60050): stub
007c:fixme:imm:ImeSetActiveContext (0x4403d0, 0): stub
007c:fixme:imm:ImmReleaseContext (0000000000010020, 00000000004403D0): stub
0108:fixme:rawinput:RegisterRawInputDevices Unhandled flags 0x230 for device 0.
0108:fixme:thread:SetThreadIdealProcessor (000000000000058C 0): stub
0108:fixme:thread:SetThreadIdealProcessor (0000000000000598 1): stub
0108:fixme:thread:SetThreadIdealProcessor (00000000000005A8 2): stub
0108:fixme:ole:CoInitializeSecurity 0000000000000000, -1, 0000000000000000, 0000000000000000, 0, 3, 0000000000000000, 0, 0000000000000000 stub
0108:fixme:wbemprox:wbem_locator_ConnectServer unsupported flags
0108:fixme:wbemprox:client_security_SetBlanket 00000002419C1DE0, 000000001EB22550, 10, 0, (null), 3, 3, 0000000000000000, 0x00000000
0108:fixme:wbemprox:client_security_Release 00000002419C1DE0
0058:fixme:mountmgr:query_property Faking StorageDeviceProperty data
0058:fixme:mountmgr:harddisk_ioctl The DISK_PARTITION_INFO and DISK_DETECTION_INFO structures will not be filled
0058:fixme:mountmgr:query_property Faking StorageDeviceProperty data
0058:fixme:mountmgr:harddisk_ioctl The DISK_PARTITION_INFO and DISK_DETECTION_INFO structures will not be filled
0058:fixme:mountmgr:query_property Faking StorageDeviceProperty data
0058:fixme:mountmgr:harddisk_ioctl The DISK_PARTITION_INFO and DISK_DETECTION_INFO structures will not be filled
0058:fixme:mountmgr:query_property Faking StorageDeviceProperty data
0058:fixme:mountmgr:harddisk_ioctl The DISK_PARTITION_INFO and DISK_DETECTION_INFO structures will not be filled
01f8:err:kerberos:kerberos_LsaApInitializePackage no Kerberos support, expect problems
0108:fixme:rawinput:RegisterRawInputDevices Unhandled flags 0x230 for device 0.
019c:fixme:msg:pack_message msg 14 (WM_ERASEBKGND) not supported yet
0108:fixme:thread:SetThreadIdealProcessor (00000000000006E8 0): stub
0108:fixme:thread:SetThreadIdealProcessor (000000000000070C 1): stub
0108:fixme:thread:SetThreadIdealProcessor (000000000000071C 2): stub
0108:fixme:thread:SetThreadIdealProcessor (000000000000072C 2): stub
0108:fixme:thread:SetThreadIdealProcessor (00000000000006E8 0): stub
0108:fixme:thread:SetThreadIdealProcessor (0000000000000714 1): stub
0108:fixme:thread:SetThreadIdealProcessor (0000000000000728 2): stub
0108:fixme:thread:SetThreadIdealProcessor (000000000000073C 2): stub
