System Info:
Heroic Version: 2.4.3 Chopper
Legendary Version:  0.20.28 Dark Energy (hotfix #2)
OS: Arch KERNEL: 5.19.10-arch1-1 ARCH: x64
CPU: AMD Ryzen 7 3700X 8-Core Processor @3.6 GOVERNOR: schedutil
RAM: Total: 15.51 GiB Available: 14.09 GiB
GRAPHICS: GPU0: Navi 23 [Radeon RX 6600/6600 XT/6600M] VRAM: 1MB DRIVER:  
PROTOCOL: tty

Game Settings: {
	"autoInstallDxvk": true,
	"autoInstallVkd3d": false,
	"preferSystemLibs": false,
	"maxSharpness": 2,
	"nvidiaPrime": false,
	"enviromentOptions": [],
	"wrapperOptions": [],
	"savesPath": "",
	"showFps": false,
	"targetExe": "",
	"useGameMode": false,
	"language": "",
	"wineVersion": {
		"bin": "/home/talocha/.config/heroic/tools/wine/Wine-lutris-wine-7.2-2/bin/wine",
		"name": "Wine - Wine-lutris-wine-7.2-2",
		"type": "wine",
		"lib": "/home/talocha/.config/heroic/tools/wine/Wine-lutris-wine-7.2-2/lib64",
		"lib32": "/home/talocha/.config/heroic/tools/wine/Wine-lutris-wine-7.2-2/lib",
		"wineserver": "/home/talocha/.config/heroic/tools/wine/Wine-lutris-wine-7.2-2/bin/wineserver",
		"wineboot": "/home/talocha/.config/heroic/tools/wine/Wine-lutris-wine-7.2-2/bin/wineboot"
	},
	"winePrefix": "/home/talocha/Games/Heroic/Prefixes/Rage2",
	"eacRuntime": false,
	"battlEyeRuntime": false,
	"gogSaves": []
}

Game launched at: Fri Sep 23 2022 17:50:44 GMT+0100 (Western European Summer Time)

Launch Command: LD_PRELOAD= WINEPREFIX=/home/talocha/Games/Heroic/Prefixes/Rage2 LD_LIBRARY_PATH=/home/talocha/.config/heroic/tools/wine/Wine-lutris-wine-7.2-2/lib:/home/talocha/.config/heroic/tools/wine/Wine-lutris-wine-7.2-2/lib64: /opt/Heroic/resources/app.asar.unpacked/build/bin/linux/legendary launch ad3d0f08dd0841d8a1ba77d94ded4773 --language en  --wine /home/talocha/.config/heroic/tools/wine/Wine-lutris-wine-7.2-2/bin/wine --wine-prefix /home/talocha/Games/Heroic/Prefixes/Rage2

Game Log:
[cli] INFO: Logging in...
[Core] INFO: Trying to re-use existing login session...
[cli] INFO: Checking for updates...
[Core] INFO: Getting authentication token...
[cli] INFO: Launching ad3d0f08dd0841d8a1ba77d94ded4773...
wineserver: using server-side synchronization.

Legendary update available!
- New version: 0.20.29 - "Dark Energy (hotfix #3)"
- Release summary:
 [!] Adds workaround for Epic CDN issue (403 when downloading manifest)
 [!] Fixes potential zero division error when verifying large files on fast SSDs
See full changelog for additional details.
- Release URL: https://legendary.gl/release/0.20.29
! This update is recommended as it fixes major issues.

- Download URL: https://legendary.gl/release/download/0.20.29/legendary
002c:fixme:winediag:LdrInitializeThunk Lutris Wine 7.2 is a testing version containing experimental patches.
002c:fixme:winediag:LdrInitializeThunk Please don't report bugs about it on winehq.org and use https://github.com/lutris/wine/issues instead.
0104:err:wldap32:DllMain No libldap support, expect problems
0104:err:kerberos:kerberos_LsaApInitializePackage no Kerberos support, expect problems
0104:fixme:ntdll:NtQuerySystemInformation info_class SYSTEM_PERFORMANCE_INFORMATION
0104:fixme:msvcrt:_set_abort_behavior _WRITE_CALL_REPORTFAULT unhandled
0118:fixme:imm:ImeSetActiveContext (0x2c0210, 1): stub
0118:fixme:imm:ImmReleaseContext (00000000000100A8, 00000000002C0210): stub
00f8:fixme:oleacc:find_class_data unhandled window class: L"ScrollBar"
00f8:fixme:oleacc:find_class_data unhandled window class: L"Static"
00f8:fixme:oleacc:find_class_data unhandled window class: L"Static"
00f8:fixme:oleacc:find_class_data unhandled window class: L"msctls_progress32"
00f8:fixme:oleacc:find_class_data unhandled window class: L"#32770"
00f8:fixme:oleacc:find_class_data unhandled window class: L"ScrollBar"
00f8:fixme:oleacc:find_class_data unhandled window class: L"Static"
00f8:fixme:oleacc:find_class_data unhandled window class: L"msctls_progress32"
00f8:fixme:oleacc:find_class_data unhandled window class: L"SysListView32"
00f8:fixme:oleacc:find_class_data unhandled window class: L"SysHeader32"
00f8:fixme:oleacc:find_class_data unhandled window class: L"Button"
00f8:fixme:oleacc:find_class_data unhandled window class: L"#32770"
00f8:fixme:oleacc:find_class_data unhandled window class: L"Button"
00f8:fixme:oleacc:find_class_data unhandled window class: L"Static"
00f8:fixme:oleacc:find_class_data unhandled window class: L"Static"
00f8:fixme:oleacc:find_class_data unhandled window class: L"Static"
00f8:fixme:oleacc:find_class_data unhandled window class: L"Static"
00f8:fixme:oleacc:find_class_data unhandled window class: L"SysListView32"
00f8:fixme:oleacc:find_class_data unhandled window class: L"SysHeader32"
00f8:fixme:oleacc:find_class_data unhandled window class: L"Button"
00f8:fixme:oleacc:find_class_data unhandled window class: L"Button"
00f8:fixme:oleacc:find_class_data unhandled window class: L"#32770"
00f8:fixme:oleacc:find_class_data unhandled window class: L"Button"
invalid option -- Ainvalid option -- Uinvalid option -- Tinvalid option -- Hinvalid option -- _invalid option -- Linvalid option -- Oinvalid option -- Ginvalid option -- Iinvalid option -- Ninvalid option -- =invalid option -- uinvalid option -- ninvalid option -- uinvalid option -- sinvalid option -- einvalid option -- dinvalid option -- Ainvalid option -- Uinvalid option -- Tinvalid option -- Hinvalid option -- _invalid option -- Pinvalid option -- Ainvalid option -- Sinvalid option -- Sinvalid option -- Winvalid option -- Oinvalid option -- Rinvalid option -- Dinvalid option -- =invalid option -- 4invalid option -- 4invalid option -- 4invalid option -- dinvalid option -- finvalid option -- 9invalid option -- 1invalid option -- dinvalid option -- 7invalid option -- dinvalid option -- ainvalid option -- ainvalid option -- 4invalid option -- ainvalid option -- finvalid option -- einvalid option -- 9invalid option -- 6invalid option -- 9invalid option -- 5invalid option -- cinvalid option -- 7invalid option -- 9invalid option -- 3invalid option -- dinvalid option -- ainvalid option -- 7invalid option -- 4invalid option -- 9invalid option -- 6invalid option -- cinvalid option -- 9invalid option -- Ainvalid option -- Uinvalid option -- Tinvalid option -- Hinvalid option -- _invalid option -- Tinvalid option -- Yinvalid option -- Pinvalid option -- Einvalid option -- =invalid option -- einvalid option -- xinvalid option -- cinvalid option -- hinvalid option -- ainvalid option -- ninvalid option -- ginvalid option -- einvalid option -- cinvalid option -- oinvalid option -- dinvalid option -- einvalid option -- einvalid option -- pinvalid option -- iinvalid option -- cinvalid option -- ainvalid option -- pinvalid option -- pinvalid option -- =invalid option -- ainvalid option -- dinvalid option -- 3invalid option -- dinvalid option -- 0invalid option -- finvalid option -- 0invalid option -- 8invalid option -- dinvalid option -- dinvalid option -- 0invalid option -- 8invalid option -- 4invalid option -- 1invalid option -- dinvalid option -- 8invalid option -- ainvalid option -- 1invalid option -- binvalid option -- ainvalid option -- 7invalid option -- 7invalid option -- dinvalid option -- 9invalid option -- 4invalid option -- dinvalid option -- einvalid option -- dinvalid option -- 4invalid option -- 7invalid option -- 7invalid option -- 3invalid option -- einvalid option -- pinvalid option -- iinvalid option -- cinvalid option -- einvalid option -- ninvalid option -- vinvalid option -- =invalid option -- Pinvalid option -- rinvalid option -- oinvalid option -- dinvalid option -- Einvalid option -- pinvalid option -- iinvalid option -- cinvalid option -- Pinvalid option -- oinvalid option -- rinvalid option -- tinvalid option -- ainvalid option -- linvalid option -- einvalid option -- pinvalid option -- iinvalid option -- cinvalid option -- uinvalid option -- sinvalid option -- einvalid option -- rinvalid option -- ninvalid option -- ainvalid option -- minvalid option -- einvalid option -- =invalid option -- Minvalid option -- ainvalid option -- ninvalid option -- oinvalid option -- Minvalid option -- Yinvalid option -- Oinvalid option -- einvalid option -- pinvalid option -- iinvalid option -- cinvalid option -- uinvalid option -- sinvalid option -- einvalid option -- rinvalid option -- iinvalid option -- dinvalid option -- =invalid option -- 7invalid option -- 2invalid option -- 8invalid option -- dinvalid option -- 7invalid option -- dinvalid option -- 0invalid option -- 4invalid option -- dinvalid option -- 1invalid option -- cinvalid option -- dinvalid option -- 4invalid option -- finvalid option -- 0invalid option -- 8invalid option -- 8invalid option -- 4invalid option -- 9invalid option -- 7invalid option -- 9invalid option -- ainvalid option -- 5invalid option -- finvalid option -- 0invalid option -- 7invalid option -- 7invalid option -- 9invalid option -- finvalid option -- 7invalid option -- 2invalid option -- 3invalid option -- einvalid option -- pinvalid option -- iinvalid option -- cinvalid option -- linvalid opt0104:fixme:msvcp:_Locinfo__Locinfo_ctor_cat_cstr (000000000011DCD0 1 C) semi-stub
0104:fixme:msvcp:_Locinfo__Locinfo_ctor_cat_cstr (000000000011DCC0 1 C) semi-stub
0104:fixme:msvcp:_Locinfo__Locinfo_ctor_cat_cstr (000000000011DDE0 1 C) semi-stub
0104:fixme:msvcp:_Locinfo__Locinfo_ctor_cat_cstr (000000000011DAE0 1 C) semi-stub
0104:fixme:rawinput:RegisterRawInputDevices Unhandled flags 0x1000 for device 0.
info:  Game: RAGE2.exe
info:  DXVK: v1.10.3
info:  Built-in extension providers:
info:    Win32 WSI
info:    OpenVR
info:    OpenXR
info:  OpenVR: could not open registry key, status 2
info:  OpenVR: Failed to locate module
info:  Enabled instance extensions:
info:    VK_KHR_get_surface_capabilities2
info:    VK_KHR_surface
info:    VK_KHR_win32_surface
info:  AMD RADV DIMGREY_CAVEFISH:
info:    Driver: 22.1.7
info:    Vulkan: 1.3.211
info:    Memory Heap[0]: 
info:      Size: 7936 MiB
info:      Flags: 0x1
info:      Memory Type[0]: Property Flags = 0x1
info:      Memory Type[4]: Property Flags = 0xc1
info:    Memory Heap[1]: 
info:      Size: 7940 MiB
info:      Flags: 0x0
info:      Memory Type[1]: Property Flags = 0x6
info:      Memory Type[3]: Property Flags = 0xe
info:      Memory Type[5]: Property Flags = 0xc6
info:      Memory Type[7]: Property Flags = 0xce
info:    Memory Heap[2]: 
info:      Size: 256 MiB
info:      Flags: 0x1
info:      Memory Type[2]: Property Flags = 0x7
info:      Memory Type[6]: Property Flags = 0xc7
z:\dependencyrepository\3rdparty\havok_ai\havok_ai-2017.2.0.3.1.2.1659008\source\ai\pathfinding\world\hkaiworld_silhouette.cpp(277): Trying to write to an uninitialized log. Use LogInit() to get rid of this message.
ID:0x6F0439C1, Changing silhouette generation settings is very slow and should not be done at runtime.
ID:0x6F0439C1, Changing silhouette generation settings is very slow and should not be done at runtime.
0138:err:module:import_dll Library mfc140u.dll (which is needed by L"Z:\\home\\talocha\\Games\\Heroic\\Rage2\\CChromaEditorLibrary64.dll") not found
0134:err:ole:com_get_class_object class {5a508685-a254-4fba-9b82-9a24b00306af} not registered
0134:err:ole:com_get_class_object no class object {5a508685-a254-4fba-9b82-9a24b00306af} could be created for context 0x1
007c:fixme:imm:ImeSetActiveContext (0x4403d0, 0): stub
007c:fixme:imm:ImmReleaseContext (0000000000010020, 00000000004403D0): stub
0158:fixme:imm:ImeSetActiveContext (0x155203d0, 1): stub
0158:fixme:imm:ImmReleaseContext (00000000000100C6, 00000000155203D0): stub
0104:fixme:ole:CoInitializeSecurity 0000000000000000, -1, 0000000000000000, 0000000000000000, 0, 3, 0000000000000000, 0, 0000000000000000 stub
0104:fixme:wbemprox:client_security_SetBlanket 00000002419C1DE0, 000000001696C050, 10, 0, (null), 3, 3, 0000000000000000, 0x00000000
0104:fixme:wbemprox:client_security_Release 00000002419C1DE0
0058:fixme:mountmgr:query_property Faking StorageDeviceProperty data
0058:fixme:mountmgr:harddisk_ioctl The DISK_PARTITION_INFO and DISK_DETECTION_INFO structures will not be filled
0058:fixme:mountmgr:query_property Faking StorageDeviceProperty data
0058:fixme:mountmgr:harddisk_ioctl The DISK_PARTITION_INFO and DISK_DETECTION_INFO structures will not be filled
0058:fixme:mountmgr:query_property Faking StorageDeviceProperty data
0058:fixme:mountmgr:harddisk_ioctl The DISK_PARTITION_INFO and DISK_DETECTION_INFO structures will not be filled
0058:fixme:mountmgr:query_property Faking StorageDeviceProperty data
0058:fixme:mountmgr:harddisk_ioctl The DISK_PARTITION_INFO and DISK_DETECTION_INFO structures will not be filled
info:  Game: RAGE2.exe
info:  DXVK: v1.10.3
info:  Built-in extension providers:
info:    Win32 WSI
info:    OpenVR
info:    OpenXR
info:  OpenVR: could not open registry key, status 2
info:  OpenVR: Failed to locate module
info:  Enabled instance extensions:
info:    VK_KHR_get_surface_capabilities2
info:    VK_KHR_surface
info:    VK_KHR_win32_surface
info:  AMD RADV DIMGREY_CAVEFISH:
info:    Driver: 22.1.7
info:    Vulkan: 1.3.211
info:    Memory Heap[0]: 
info:      Size: 7936 MiB
info:      Flags: 0x1
info:      Memory Type[0]: Property Flags = 0x1
info:      Memory Type[4]: Property Flags = 0xc1
info:    Memory Heap[1]: 
info:      Size: 7940 MiB
info:      Flags: 0x0
info:      Memory Type[1]: Property Flags = 0x6
info:      Memory Type[3]: Property Flags = 0xe
info:      Memory Type[5]: Property Flags = 0xc6
info:      Memory Type[7]: Property Flags = 0xce
info:    Memory Heap[2]: 
info:      Size: 256 MiB
info:      Flags: 0x1
info:      Memory Type[2]: Property Flags = 0x7
info:      Memory Type[6]: Property Flags = 0xc7
info:  Game: RAGE2.exe
info:  DXVK: v1.10.3
info:  Built-in extension providers:
info:    Win32 WSI
info:    OpenVR
info:    OpenXR
info:  OpenVR: could not open registry key, status 2
info:  OpenVR: Failed to locate module
info:  Enabled instance extensions:
info:    VK_KHR_get_surface_capabilities2
info:    VK_KHR_surface
info:    VK_KHR_win32_surface
info:  AMD RADV DIMGREY_CAVEFISH:
info:    Driver: 22.1.7
info:    Vulkan: 1.3.211
info:    Memory Heap[0]: 
info:      Size: 7936 MiB
info:      Flags: 0x1
info:      Memory Type[0]: Property Flags = 0x1
info:      Memory Type[4]: Property Flags = 0xc1
info:    Memory Heap[1]: 
info:      Size: 7940 MiB
info:      Flags: 0x0
info:      Memory Type[1]: Property Flags = 0x6
info:      Memory Type[3]: Property Flags = 0xe
info:      Memory Type[5]: Property Flags = 0xc6
info:      Memory Type[7]: Property Flags = 0xce
info:    Memory Heap[2]: 
info:      Size: 256 MiB
info:      Flags: 0x1
info:      Memory Type[2]: Property Flags = 0x7
info:      Memory Type[6]: Property Flags = 0xc7
info:  Game: RAGE2.exe
info:  DXVK: v1.10.3
info:  Built-in extension providers:
info:    Win32 WSI
info:    OpenVR
info:    OpenXR
info:  OpenVR: could not open registry key, status 2
info:  OpenVR: Failed to locate module
info:  Enabled instance extensions:
info:    VK_KHR_get_surface_capabilities2
info:    VK_KHR_surface
info:    VK_KHR_win32_surface
info:  AMD RADV DIMGREY_CAVEFISH:
info:    Driver: 22.1.7
info:    Vulkan: 1.3.211
info:    Memory Heap[0]: 
info:      Size: 7936 MiB
info:      Flags: 0x1
info:      Memory Type[0]: Property Flags = 0x1
info:      Memory Type[4]: Property Flags = 0xc1
info:    Memory Heap[1]: 
info:      Size: 7940 MiB
info:      Flags: 0x0
info:      Memory Type[1]: Property Flags = 0x6
info:      Memory Type[3]: Property Flags = 0xe
info:      Memory Type[5]: Property Flags = 0xc6
info:      Memory Type[7]: Property Flags = 0xce
info:    Memory Heap[2]: 
info:      Size: 256 MiB
info:      Flags: 0x1
info:      Memory Type[2]: Property Flags = 0x7
info:      Memory Type[6]: Property Flags = 0xc7
info:  Game: RAGE2.exe
info:  DXVK: v1.10.3
info:  Built-in extension providers:
info:    Win32 WSI
info:    OpenVR
info:    OpenXR
info:  OpenVR: could not open registry key, status 2
info:  OpenVR: Failed to locate module
info:  Enabled instance extensions:
info:    VK_KHR_get_surface_capabilities2
info:    VK_KHR_surface
info:    VK_KHR_win32_surface
info:  AMD RADV DIMGREY_CAVEFISH:
info:    Driver: 22.1.7
info:    Vulkan: 1.3.211
info:    Memory Heap[0]: 
info:      Size: 7936 MiB
info:      Flags: 0x1
info:      Memory Type[0]: Property Flags = 0x1
info:      Memory Type[4]: Property Flags = 0xc1
info:    Memory Heap[1]: 
info:      Size: 7940 MiB
info:      Flags: 0x0
info:      Memory Type[1]: Property Flags = 0x6
info:      Memory Type[3]: Property Flags = 0xe
info:      Memory Type[5]: Property Flags = 0xc6
info:      Memory Type[7]: Property Flags = 0xce
info:    Memory Heap[2]: 
info:      Size: 256 MiB
info:      Flags: 0x1
info:      Memory Type[2]: Property Flags = 0x7
info:      Memory Type[6]: Property Flags = 0xc7
info:  Game: RAGE2.exe
info:  DXVK: v1.10.3
info:  Built-in extension providers:
info:    Win32 WSI
info:    OpenVR
info:    OpenXR
info:  OpenVR: could not open registry key, status 2
info:  OpenVR: Failed to locate module
info:  Enabled instance extensions:
info:    VK_KHR_get_surface_capabilities2
info:    VK_KHR_surface
info:    VK_KHR_win32_surface
info:  AMD RADV DIMGREY_CAVEFISH:
info:    Driver: 22.1.7
info:    Vulkan: 1.3.211
info:    Memory Heap[0]: 
info:      Size: 7936 MiB
info:      Flags: 0x1
info:      Memory Type[0]: Property Flags = 0x1
info:      Memory Type[4]: Property Flags = 0xc1
info:    Memory Heap[1]: 
info:      Size: 7940 MiB
info:      Flags: 0x0
info:      Memory Type[1]: Property Flags = 0x6
info:      Memory Type[3]: Property Flags = 0xe
info:      Memory Type[5]: Property Flags = 0xc6
info:      Memory Type[7]: Property Flags = 0xce
info:    Memory Heap[2]: 
info:      Size: 256 MiB
info:      Flags: 0x1
info:      Memory Type[2]: Property Flags = 0x7
info:      Memory Type[6]: Property Flags = 0xc7
info:  Game: RAGE2.exe
info:  DXVK: v1.10.3
info:  Built-in extension providers:
info:    Win32 WSI
info:    OpenVR
info:    OpenXR
info:  OpenVR: could not open registry key, status 2
info:  OpenVR: Failed to locate module
info:  Enabled instance extensions:
info:    VK_KHR_get_surface_capabilities2
info:    VK_KHR_surface
info:    VK_KHR_win32_surface
info:  AMD RADV DIMGREY_CAVEFISH:
info:    Driver: 22.1.7
info:    Vulkan: 1.3.211
info:    Memory Heap[0]: 
info:      Size: 7936 MiB
info:      Flags: 0x1
info:      Memory Type[0]: Property Flags = 0x1
info:      Memory Type[4]: Property Flags = 0xc1
info:    Memory Heap[1]: 
info:      Size: 7940 MiB
info:      Flags: 0x0
info:      Memory Type[1]: Property Flags = 0x6
info:      Memory Type[3]: Property Flags = 0xe
info:      Memory Type[5]: Property Flags = 0xc6
info:      Memory Type[7]: Property Flags = 0xce
info:    Memory Heap[2]: 
info:      Size: 256 MiB
info:      Flags: 0x1
info:      Memory Type[2]: Property Flags = 0x7
info:      Memory Type[6]: Property Flags = 0xc7
00f8:fixme:oleacc:find_class_data unhandled window class: L"tooltips_class32"
0124:fixme:msvcp:_Locinfo__Locinfo_ctor_cat_cstr (0000000006D9A258 1 C) semi-stub
Failed to load Chroma Editor Library!
OptimizedIconBase :: addFrame :: clip is null :: label: turret_grenade


OptimizedIconBase :: addFrame :: clip is null :: label: turret_grenade


OptimizedIconBase :: addFrame :: clip is null :: label: turret_grenade


OptimizedIconBase :: addFrame :: clip is null :: label: turret_grenade


OptimizedIconBase :: addFrame :: clip is null :: label: turret_grenade


OptimizedIconBase :: addFrame :: clip is null :: label: turret_grenade


OptimizedIconBase :: addFrame :: clip is null :: label: turret_grenade


OptimizedIconBase :: addFrame :: clip is null :: label: turret_grenade


### cutscene_freeze_frame configUI context=Win m_SkipConfig=false


Missing "$PauseMenuSecondaryMonospaceFont" glyph 'T' (0x54) in ".m_TimerWidget.m_Text".
Font has 34 glyphs, ranges 0x20, 0x22-0x23, 0x25-0x3b, 0x3d, 0x40 (truncated).
Search log: 
   Searching for font: "$PauseMenuSecondaryMonospaceFont" 
      Movie resource: "$PauseMenuSecondaryMonospaceFont"  not found.
      Imports       : "$PauseMenuSecondaryMonospaceFont"  not found.
      Exported      : "$PauseMenuSecondaryMonospaceFont"  not found.
      Registered fonts: "$PauseMenuSecondaryMonospaceFont" not found.
      Applying FontMap: "$PauseMenuSecondaryMonospaceFont"  mapped to "Rajdhani-MonoSpace"
      Searching FontLib: "Rajdhani-MonoSpace"  found.

OnKillNotification


00f8:fixme:oleacc:find_class_data unhandled window class: L"tooltips_class32"
null
null
m_VehicleUpgradesGrid [CLIK UIComponent m_VehicleUpgradesGrid]


null
null
ID:0xAF137DDE, Invalid AABB query. Please check your input AABB.
ID:0xAF137DDE, Invalid AABB query. Please check your input AABB.
ID:0xAF137DDE, Invalid AABB query. Please check your input AABB.
ID:0xAF137DDE, Invalid AABB query. Please check your input AABB.
ID:0xAF137DDE, Invalid AABB query. Please check your input AABB.
ID:0xAF137DDE, Invalid AABB query. Please check your input AABB.
ID:0xAF137DDE, Invalid AABB query. Please check your input AABB.
ID:0xAF137DDE, Invalid AABB query. Please check your input AABB.
ID:0xAF137DDE, Invalid AABB query. Please check your input AABB.
ID:0xAF137DDE, Invalid AABB query. Please check your input AABB.
ID:0xAF137DDE, Invalid AABB query. Please check your input AABB.
ID:0xAF137DDE, Invalid AABB query. Please check your input AABB.
ID:0xAF137DDE, Invalid AABB query. Please check your input AABB.
ID:0xAF137DDE, Invalid AABB query. Please check your input AABB.
ID:0xAF137DDE, Invalid AABB query. Please check your input AABB.
ID:0xAF137DDE, Invalid AABB query. Please check your input AABB.
ID:0xAF137DDE, Invalid AABB query. Please check your input AABB.
ID:0xAF137DDE, Invalid AABB query. Please check your input AABB.
ID:0xAF137DDE, Invalid AABB query. Please check your input AABB.
ID:0xAF137DDE, Invalid AABB query. Please check your input AABB.
0158:fixme:keyboard:X11DRV_ActivateKeyboardLayout 0x4090409, 0000: semi-stub!
0158:fixme:keyboard:X11DRV_ActivateKeyboardLayout 0x4090409, 0000: semi-stub!
ID:0xAF137DDE, Invalid AABB query. Please check your input AABB.
ID:0xAF137DDE, Invalid AABB query. Please check your input AABB.
ID:0xAF137DDE, Invalid AABB query. Please check your input AABB.
ID:0xAF137DDE, Invalid AABB query. Please check your input AABB.
ID:0xAF137DDE, Invalid AABB query. Please check your input AABB.
ID:0xAF137DDE, Invalid AABB query. Please check your input AABB.
ID:0xAF137DDE, Invalid AABB query. Please check your input AABB.
ID:0xAF137DDE, Invalid AABB query. Please check your input AABB.
ID:0xAF137DDE, Invalid AABB query. Please check your input AABB.
ID:0xAF137DDE, Invalid AABB query. Please check your input AABB.
ID:0xAF137DDE, Invalid AABB query. Please check your input AABB.
ID:0xAF137DDE, Invalid AABB query. Please check your input AABB.
ID:0xAF137DDE, Invalid AABB query. Please check your input AABB.
ID:0xAF137DDE, Invalid AABB query. Please check your input AABB.
ID:0xAF137DDE, Invalid AABB query. Please check your input AABB.
ID:0xAF137DDE, Invalid AABB query. Please check your input AABB.
ID:0xAF137DDE, Invalid AABB query. Please check your input AABB.
ID:0xAF137DDE, Invalid AABB query. Please check your input AABB.
ID:0xAF137DDE, Invalid AABB query. Please check your input AABB.
CancelRequestImage request id: 3105164929 - pendingLoaders already cleaned


ID:0xAF137DDE, Invalid AABB query. Please check your input AABB.
ID:0xAF137DDE, Invalid AABB query. Please check your input AABB.
ID:0xAF137DDE, Invalid AABB query. Please check your input AABB.
ID:0xAF137DDE, Invalid AABB query. Please check your input AABB.
ID:0xAF137DDE, Invalid AABB query. Please check your input AABB.
ID:0xAF137DDE, Invalid AABB query. Please check your input AABB.
ID:0xAF137DDE, Invalid AABB query. Please check your input AABB.
ID:0xAF137DDE, Invalid AABB query. Please check your input AABB.
ID:0xAF137DDE, Invalid AABB query. Please check your input AABB.
ID:0xAF137DDE, Invalid AABB query. Please check your input AABB.
ID:0xAF137DDE, Invalid AABB query. Please check your input AABB.
ID:0xAF137DDE, Invalid AABB query. Please check your input AABB.
ID:0xAF137DDE, Invalid AABB query. Please check your input AABB.
ID:0xAF137DDE, Invalid AABB query. Please check your input AABB.
0104:fixme:msvcp:_Locinfo__Locinfo_ctor_cat_cstr (000000000011D290 1 C) semi-stub
ID:0xAF137DDE, Invalid AABB query. Please check your input AABB.
ID:0xAF137DDE, Invalid AABB query. Please check your input AABB.
ID:0xAF137DDE, Invalid AABB query. Please check your input AABB.
ID:0xAF137DDE, Invalid AABB query. Please check your input AABB.
ID:0xAF137DDE, Invalid AABB query. Please check your input AABB.
ID:0xAF137DDE, Invalid AABB query. Please check your input AABB.
ID:0xAF137DDE, Invalid AABB query. Please check your input AABB.
ID:0xAF137DDE, Invalid AABB query. Please check your input AABB.
ID:0xAF137DDE, Invalid AABB query. Please check your input AABB.
INVOKE error: root is null (not added the scene yet) or it does not have component_type proprty


null
INVOKE error: root is null (not added the scene yet) or it does not have component_type proprty


null
INVOKE error: root is null (not added the scene yet) or it does not have component_type proprty


null
null
null
INVOKE error: root is null (not added the scene yet) or it does not have component_type proprty


null
ID:0xAF137DDE, Invalid AABB query. Please check your input AABB.
ID:0xAF137DDE, Invalid AABB query. Please check your input AABB.
ID:0xAF137DDE, Invalid AABB query. Please check your input AABB.
ID:0xAF137DDE, Invalid AABB query. Please check your input AABB.
ID:0xAF137DDE, Invalid AABB query. Please check your input AABB.
ID:0xAF137DDE, Invalid AABB query. Please check your input AABB.
null
null
null
*** PrintItemData  ***


- Item:


		m_Name = Eliminate all Shrouded


		m_Type = 0


		m_ShowProgress = false


		m_Progress = 27


		m_ProgressMax = 27


		m_Index = 2


		popup_title = RAZORNECK ROOST


		m_OperationID = 1409358435


ID:0xAF137DDE, Invalid AABB query. Please check your input AABB.
ID:0xAF137DDE, Invalid AABB query. Please check your input AABB.
ID:0xAF137DDE, Invalid AABB query. Please check your input AABB.
0158:err:ole:CoUninitialize Mismatched CoUninitialize
ID:0xAF137DDE, Invalid AABB query. Please check your input AABB.
ID:0xAF137DDE, Invalid AABB query. Please check your input AABB.
ID:0xAF137DDE, Invalid AABB query. Please check your input AABB.
ID:0xAF137DDE, Invalid AABB query. Please check your input AABB.
ID:0xAF137DDE, Invalid AABB query. Please check your input AABB.
ID:0xAF137DDE, Invalid AABB query. Please check your input AABB.
ID:0xAF137DDE, Invalid AABB query. Please check your input AABB.
ID:0xAF137DDE, Invalid AABB query. Please check your input AABB.
ID:0xAF137DDE, Invalid AABB query. Please check your input AABB.
ID:0xAF137DDE, Invalid AABB query. Please check your input AABB.
ID:0xAF137DDE, Invalid AABB query. Please check your input AABB.
ID:0xAF137DDE, Invalid AABB query. Please check your input AABB.
ID:0xAF137DDE, Invalid AABB query. Please check your input AABB.
ID:0xAF137DDE, Invalid AABB query. Please check your input AABB.
ID:0xAF137DDE, Invalid AABB query. Please check your input AABB.
ID:0xAF137DDE, Invalid AABB query. Please check your input AABB.
ID:0xAF137DDE, Invalid AABB query. Please check your input AABB.
ID:0xAF137DDE, Invalid AABB query. Please check your input AABB.
ID:0xAF137DDE, Invalid AABB query. Please check your input AABB.
ID:0xAF137DDE, Invalid AABB query. Please check your input AABB.
ID:0xAF137DDE, Invalid AABB query. Please check your input AABB.
ID:0xAF137DDE, Invalid AABB query. Please check your input AABB.
ID:0xAF137DDE, Invalid AABB query. Please check your input AABB.
ID:0xAF137DDE, Invalid AABB query. Please check your input AABB.
ID:0xAF137DDE, Invalid AABB query. Please check your input AABB.
ID:0xAF137DDE, Invalid AABB query. Please check your input AABB.
ID:0xAF137DDE, Invalid AABB query. Please check your input AABB.
ID:0xAF137DDE, Invalid AABB query. Please check your input AABB.
ID:0xAF137DDE, Invalid AABB query. Please check your input AABB.
ID:0xAF137DDE, Invalid AABB query. Please check your input AABB.
ID:0xAF137DDE, Invalid AABB query. Please check your input AABB.
ID:0xAF137DDE, Invalid AABB query. Please check your input AABB.
ID:0xAF137DDE, Invalid AABB query. Please check your input AABB.
ID:0xAF137DDE, Invalid AABB query. Please check your input AABB.
ID:0xAF137DDE, Invalid AABB query. Please check your input AABB.
ID:0xAF137DDE, Invalid AABB query. Please check your input AABB.
ID:0xAF137DDE, Invalid AABB query. Please check your input AABB.
ID:0xAF137DDE, Invalid AABB query. Please check your input AABB.
ID:0xAF137DDE, Invalid AABB query. Please check your input AABB.
ID:0xAF137DDE, Invalid AABB query. Please check your input AABB.
ID:0xAF137DDE, Invalid AABB query. Please check your input AABB.
ID:0xAF137DDE, Invalid AABB query. Please check your input AABB.
ID:0xAF137DDE, Invalid AABB query. Please check your input AABB.
ID:0xAF137DDE, Invalid AABB query. Please check your input AABB.
ID:0xAF137DDE, Invalid AABB query. Please check your input AABB.
ID:0xAF137DDE, Invalid AABB query. Please check your input AABB.
ID:0xAF137DDE, Invalid AABB query. Please check your input AABB.
ID:0xAF137DDE, Invalid AABB query. Please check your input AABB.
ID:0xAF137DDE, Invalid AABB query. Please check your input AABB.
ID:0xAF137DDE, Invalid AABB query. Please check your input AABB.
ID:0xAF137DDE, Invalid AABB query. Please check your input AABB.
ID:0xAF137DDE, Invalid AABB query. Please check your input AABB.
ID:0xAF137DDE, Invalid AABB query. Please check your input AABB.
ID:0xAF137DDE, Invalid AABB query. Please check your input AABB.
ID:0xAF137DDE, Invalid AABB query. Please check your input AABB.
ID:0xAF137DDE, Invalid AABB query. Please check your input AABB.
ID:0xAF137DDE, Invalid AABB query. Please check your input AABB.
ID:0xAF137DDE, Invalid AABB query. Please check your input AABB.
ID:0xAF137DDE, Invalid AABB query. Please check your input AABB.
ID:0xAF137DDE, Invalid AABB query. Please check your input AABB.
ID:0xAF137DDE, Invalid AABB query. Please check your input AABB.
ID:0xAF137DDE, Invalid AABB query. Please check your input AABB.
ion -- oinvalid option -- cinvalid option -- ainvalid option -- linvalid option -- einvalid option -- =invalid option -- einvalid option -- ninvalid option -- einvalid option -- pinvalid option -- iinvalid option -- cinvalid option -- sinvalid option -- ainvalid option -- ninvalid option -- dinvalid option -- binvalid option -- oinvalid option -- xinvalid option -- iinvalid option -- dinvalid option -- =invalid option -- 2invalid option -- 7invalid option -- 3invalid option -- 6invalid option -- ainvalid option -- binvalid option -- 9invalid option -- finvalid option -- einvalid option -- cinvalid option -- 9invalid option -- cinvalid option -- 4invalid option -- ainvalid option -- 9invalid option -- 3invalid option -- ainvalid option -- 7invalid option -- ainvalid option -- 2invalid option -- 8invalid option -- 7invalid option -- 2invalid option -- einvalid option -- dinvalid option -- 5invalid option -- 1invalid option -- 5invalid option -- 4invalid option -- dinvalid option -- 4invalid option -- b