[2022-09-15T09:29:23.935Z] Log level: Info
[2022-09-15T09:29:23.936Z] [info] Validating found git in: git
[2022-09-15T09:29:23.943Z] [info] Using git 2.37.3 from git
[2022-09-15T09:29:23.951Z] > git rev-parse --show-toplevel [2ms]
[2022-09-15T09:29:23.951Z] fatal: not a git repository (or any parent up to mount point /)
Stopping at filesystem boundary (GIT_DISCOVERY_ACROSS_FILESYSTEM not set).
[2022-09-15T09:29:25.963Z] > git rev-parse --show-toplevel [1ms]
[2022-09-15T09:29:25.963Z] fatal: not a git repository (or any parent up to mount point /)
Stopping at filesystem boundary (GIT_DISCOVERY_ACROSS_FILESYSTEM not set).
[2022-09-15T09:31:18.611Z] > git rev-parse --show-toplevel [1ms]
[2022-09-15T09:31:18.611Z] fatal: not a git repository (or any parent up to mount point /)
Stopping at filesystem boundary (GIT_DISCOVERY_ACROSS_FILESYSTEM not set).
[2022-09-15T09:31:27.010Z] > git rev-parse --show-toplevel [6ms]
[2022-09-15T09:31:27.010Z] fatal: not a git repository (or any parent up to mount point /)
Stopping at filesystem boundary (GIT_DISCOVERY_ACROSS_FILESYSTEM not set).
[2022-09-15T09:33:22.946Z] > git rev-parse --show-toplevel [7ms]
[2022-09-15T09:33:22.946Z] fatal: not a git repository (or any parent up to mount point /)
Stopping at filesystem boundary (GIT_DISCOVERY_ACROSS_FILESYSTEM not set).
[2022-09-15T09:33:22.950Z] > git rev-parse --show-toplevel [1ms]
[2022-09-15T09:33:22.950Z] fatal: not a git repository (or any parent up to mount point /)
Stopping at filesystem boundary (GIT_DISCOVERY_ACROSS_FILESYSTEM not set).
[2022-09-15T09:33:22.978Z] > git rev-parse --show-toplevel [8ms]
[2022-09-15T09:33:22.978Z] fatal: not a git repository (or any parent up to mount point /)
Stopping at filesystem boundary (GIT_DISCOVERY_ACROSS_FILESYSTEM not set).
[2022-09-15T09:33:22.982Z] > git rev-parse --show-toplevel [0ms]
[2022-09-15T09:33:22.982Z] fatal: not a git repository (or any parent up to mount point /)
Stopping at filesystem boundary (GIT_DISCOVERY_ACROSS_FILESYSTEM not set).
[2022-09-15T09:33:22.985Z] > git rev-parse --show-toplevel [1ms]
[2022-09-15T09:33:22.985Z] fatal: not a git repository (or any parent up to mount point /)
Stopping at filesystem boundary (GIT_DISCOVERY_ACROSS_FILESYSTEM not set).
[2022-09-15T09:33:23.017Z] > git rev-parse --show-toplevel [23ms]
[2022-09-15T09:33:23.017Z] fatal: not a git repository (or any parent up to mount point /)
Stopping at filesystem boundary (GIT_DISCOVERY_ACROSS_FILESYSTEM not set).
[2022-09-15T09:33:23.028Z] > git rev-parse --show-toplevel [7ms]
[2022-09-15T09:33:23.028Z] fatal: not a git repository (or any parent up to mount point /)
Stopping at filesystem boundary (GIT_DISCOVERY_ACROSS_FILESYSTEM not set).
[2022-09-15T09:33:23.033Z] > git rev-parse --show-toplevel [1ms]
[2022-09-15T09:33:23.033Z] fatal: not a git repository (or any parent up to mount point /)
Stopping at filesystem boundary (GIT_DISCOVERY_ACROSS_FILESYSTEM not set).
[2022-09-15T09:33:23.036Z] > git rev-parse --show-toplevel [0ms]
[2022-09-15T09:33:23.036Z] fatal: not a git repository (or any parent up to mount point /)
Stopping at filesystem boundary (GIT_DISCOVERY_ACROSS_FILESYSTEM not set).
[2022-09-15T09:33:23.062Z] > git rev-parse --show-toplevel [22ms]
[2022-09-15T09:33:23.062Z] fatal: not a git repository (or any parent up to mount point /)
Stopping at filesystem boundary (GIT_DISCOVERY_ACROSS_FILESYSTEM not set).
[2022-09-15T09:33:23.068Z] > git rev-parse --show-toplevel [1ms]
[2022-09-15T09:33:23.068Z] fatal: not a git repository (or any parent up to mount point /)
Stopping at filesystem boundary (GIT_DISCOVERY_ACROSS_FILESYSTEM not set).
[2022-09-15T09:33:23.102Z] > git rev-parse --show-toplevel [32ms]
[2022-09-15T09:33:23.102Z] fatal: not a git repository (or any parent up to mount point /)
Stopping at filesystem boundary (GIT_DISCOVERY_ACROSS_FILESYSTEM not set).
[2022-09-15T09:33:23.116Z] > git rev-parse --show-toplevel [11ms]
[2022-09-15T09:33:23.116Z] fatal: not a git repository (or any parent up to mount point /)
Stopping at filesystem boundary (GIT_DISCOVERY_ACROSS_FILESYSTEM not set).
[2022-09-15T09:33:23.125Z] > git rev-parse --show-toplevel [3ms]
[2022-09-15T09:33:23.125Z] fatal: not a git repository (or any parent up to mount point /)
Stopping at filesystem boundary (GIT_DISCOVERY_ACROSS_FILESYSTEM not set).
[2022-09-15T09:33:23.141Z] > git rev-parse --show-toplevel [12ms]
[2022-09-15T09:33:23.141Z] fatal: not a git repository (or any parent up to mount point /)
Stopping at filesystem boundary (GIT_DISCOVERY_ACROSS_FILESYSTEM not set).
[2022-09-15T09:33:23.146Z] > git rev-parse --show-toplevel [0ms]
[2022-09-15T09:33:23.146Z] fatal: not a git repository (or any parent up to mount point /)
Stopping at filesystem boundary (GIT_DISCOVERY_ACROSS_FILESYSTEM not set).
[2022-09-15T09:33:23.152Z] > git rev-parse --show-toplevel [1ms]
[2022-09-15T09:33:23.152Z] fatal: not a git repository (or any parent up to mount point /)
Stopping at filesystem boundary (GIT_DISCOVERY_ACROSS_FILESYSTEM not set).
[2022-09-15T09:33:23.158Z] > git rev-parse --show-toplevel [1ms]
[2022-09-15T09:33:23.158Z] fatal: not a git repository (or any parent up to mount point /)
Stopping at filesystem boundary (GIT_DISCOVERY_ACROSS_FILESYSTEM not set).
[2022-09-15T09:33:23.277Z] > git rev-parse --show-toplevel [116ms]
[2022-09-15T09:33:23.277Z] fatal: not a git repository (or any parent up to mount point /)
Stopping at filesystem boundary (GIT_DISCOVERY_ACROSS_FILESYSTEM not set).
[2022-09-15T09:33:23.361Z] > git rev-parse --show-toplevel [80ms]
[2022-09-15T09:33:23.361Z] fatal: not a git repository (or any parent up to mount point /)
Stopping at filesystem boundary (GIT_DISCOVERY_ACROSS_FILESYSTEM not set).
[2022-09-15T09:33:23.366Z] > git rev-parse --show-toplevel [0ms]
[2022-09-15T09:33:23.366Z] fatal: not a git repository (or any parent up to mount point /)
Stopping at filesystem boundary (GIT_DISCOVERY_ACROSS_FILESYSTEM not set).
[2022-09-15T09:33:23.372Z] > git rev-parse --show-toplevel [1ms]
[2022-09-15T09:33:23.372Z] fatal: not a git repository (or any parent up to mount point /)
Stopping at filesystem boundary (GIT_DISCOVERY_ACROSS_FILESYSTEM not set).
[2022-09-15T09:33:23.379Z] > git rev-parse --show-toplevel [1ms]
[2022-09-15T09:33:23.379Z] fatal: not a git repository (or any parent up to mount point /)
Stopping at filesystem boundary (GIT_DISCOVERY_ACROSS_FILESYSTEM not set).
[2022-09-15T09:33:23.382Z] > git rev-parse --show-toplevel [0ms]
[2022-09-15T09:33:23.382Z] fatal: not a git repository (or any parent up to mount point /)
Stopping at filesystem boundary (GIT_DISCOVERY_ACROSS_FILESYSTEM not set).
[2022-09-15T09:33:23.386Z] > git rev-parse --show-toplevel [0ms]
[2022-09-15T09:33:23.386Z] fatal: not a git repository (or any parent up to mount point /)
Stopping at filesystem boundary (GIT_DISCOVERY_ACROSS_FILESYSTEM not set).
[2022-09-15T09:33:23.389Z] > git rev-parse --show-toplevel [0ms]
[2022-09-15T09:33:23.389Z] fatal: not a git repository (or any parent up to mount point /)
Stopping at filesystem boundary (GIT_DISCOVERY_ACROSS_FILESYSTEM not set).
[2022-09-15T09:33:23.392Z] > git rev-parse --show-toplevel [0ms]
[2022-09-15T09:33:23.392Z] fatal: not a git repository (or any parent up to mount point /)
Stopping at filesystem boundary (GIT_DISCOVERY_ACROSS_FILESYSTEM not set).
[2022-09-15T09:33:23.395Z] > git rev-parse --show-toplevel [0ms]
[2022-09-15T09:33:23.395Z] fatal: not a git repository (or any parent up to mount point /)
Stopping at filesystem boundary (GIT_DISCOVERY_ACROSS_FILESYSTEM not set).
[2022-09-15T09:33:23.400Z] > git rev-parse --show-toplevel [2ms]
[2022-09-15T09:33:23.400Z] fatal: not a git repository (or any parent up to mount point /)
Stopping at filesystem boundary (GIT_DISCOVERY_ACROSS_FILESYSTEM not set).
[2022-09-15T09:33:23.411Z] > git rev-parse --show-toplevel [6ms]
[2022-09-15T09:33:23.411Z] fatal: not a git repository (or any parent up to mount point /)
Stopping at filesystem boundary (GIT_DISCOVERY_ACROSS_FILESYSTEM not set).
[2022-09-15T09:33:23.416Z] > git rev-parse --show-toplevel [1ms]
[2022-09-15T09:33:23.416Z] fatal: not a git repository (or any parent up to mount point /)
Stopping at filesystem boundary (GIT_DISCOVERY_ACROSS_FILESYSTEM not set).
[2022-09-15T09:33:23.419Z] > git rev-parse --show-toplevel [1ms]
[2022-09-15T09:33:23.419Z] fatal: not a git repository (or any parent up to mount point /)
Stopping at filesystem boundary (GIT_DISCOVERY_ACROSS_FILESYSTEM not set).
