Code - OSS (1.71.0, undefined, desktop)
Jupyter Extension Version: 2022.8.1002460559.
Python Extension Version: 2022.14.0.
Workspace folder /home/talocha/Universidade/ADAPT-VQC
info 10:31:19.103: ZMQ install verified.
error 10:31:19.328: Failure during activation. [Error: Extension 'ms-toolsai.jupyter' CANNOT use API proposal: notebookCellExecutionState.
Its package.json#enabledApiProposals-property declares:  but NOT notebookCellExecutionState.
 The missing proposal MUST be added and you must start in extension development mode or use the following command line switch: --enable-proposed-api ms-toolsai.jupyter
	at g (/usr/lib/code/out/vs/workbench/api/node/extensionHostProcess.js:83:68142)
	at d.onDidChangeNotebookCellExecutionState (/usr/lib/code/out/vs/workbench/api/node/extensionHostProcess.js:106:53129)
	at new m (/home/talocha/.vscode-oss/extensions/ms-toolsai.jupyter-2022.8.1002460559/out/extension.node.js:2:327996)
	at t.resolveInstance (/home/talocha/.vscode-oss/extensions/ms-toolsai.jupyter-2022.8.1002460559/out/extension.node.js:17:1409613)
	at /home/talocha/.vscode-oss/extensions/ms-toolsai.jupyter-2022.8.1002460559/out/extension.node.js:17:1411551
	at /home/talocha/.vscode-oss/extensions/ms-toolsai.jupyter-2022.8.1002460559/out/extension.node.js:17:1410469
	at Array.map (<anonymous>)
	at /home/talocha/.vscode-oss/extensions/ms-toolsai.jupyter-2022.8.1002460559/out/extension.node.js:17:1410441
	at Array.map (<anonymous>)
	at t.resolveInstance (/home/talocha/.vscode-oss/extensions/ms-toolsai.jupyter-2022.8.1002460559/out/extension.node.js:17:1409387)
	at /home/talocha/.vscode-oss/extensions/ms-toolsai.jupyter-2022.8.1002460559/out/extension.node.js:17:1411551
	at t.resolve (/home/talocha/.vscode-oss/extensions/ms-toolsai.jupyter-2022.8.1002460559/out/extension.node.js:17:1411814)
	at /home/talocha/.vscode-oss/extensions/ms-toolsai.jupyter-2022.8.1002460559/out/extension.node.js:17:1395227
	at e._get (/home/talocha/.vscode-oss/extensions/ms-toolsai.jupyter-2022.8.1002460559/out/extension.node.js:17:1394993)
	at e.get (/home/talocha/.vscode-oss/extensions/ms-toolsai.jupyter-2022.8.1002460559/out/extension.node.js:17:1393636)
	at a.get (/home/talocha/.vscode-oss/extensions/ms-toolsai.jupyter-2022.8.1002460559/out/extension.node.js:17:51713)
	at /home/talocha/.vscode-oss/extensions/ms-toolsai.jupyter-2022.8.1002460559/out/extension.node.js:2:4933]
error 10:31:19.334: sendStartupTelemetry() failed. [Error: Extension 'ms-toolsai.jupyter' CANNOT use API proposal: notebookCellExecutionState.
Its package.json#enabledApiProposals-property declares:  but NOT notebookCellExecutionState.
 The missing proposal MUST be added and you must start in extension development mode or use the following command line switch: --enable-proposed-api ms-toolsai.jupyter
	at g (/usr/lib/code/out/vs/workbench/api/node/extensionHostProcess.js:83:68142)
	at d.onDidChangeNotebookCellExecutionState (/usr/lib/code/out/vs/workbench/api/node/extensionHostProcess.js:106:53129)
	at new m (/home/talocha/.vscode-oss/extensions/ms-toolsai.jupyter-2022.8.1002460559/out/extension.node.js:2:327996)
	at t.resolveInstance (/home/talocha/.vscode-oss/extensions/ms-toolsai.jupyter-2022.8.1002460559/out/extension.node.js:17:1409613)
	at /home/talocha/.vscode-oss/extensions/ms-toolsai.jupyter-2022.8.1002460559/out/extension.node.js:17:1411551
	at /home/talocha/.vscode-oss/extensions/ms-toolsai.jupyter-2022.8.1002460559/out/extension.node.js:17:1410469
	at Array.map (<anonymous>)
	at /home/talocha/.vscode-oss/extensions/ms-toolsai.jupyter-2022.8.1002460559/out/extension.node.js:17:1410441
	at Array.map (<anonymous>)
	at t.resolveInstance (/home/talocha/.vscode-oss/extensions/ms-toolsai.jupyter-2022.8.1002460559/out/extension.node.js:17:1409387)
	at /home/talocha/.vscode-oss/extensions/ms-toolsai.jupyter-2022.8.1002460559/out/extension.node.js:17:1411551
	at t.resolve (/home/talocha/.vscode-oss/extensions/ms-toolsai.jupyter-2022.8.1002460559/out/extension.node.js:17:1411814)
	at /home/talocha/.vscode-oss/extensions/ms-toolsai.jupyter-2022.8.1002460559/out/extension.node.js:17:1395227
	at e._get (/home/talocha/.vscode-oss/extensions/ms-toolsai.jupyter-2022.8.1002460559/out/extension.node.js:17:1394993)
	at e.get (/home/talocha/.vscode-oss/extensions/ms-toolsai.jupyter-2022.8.1002460559/out/extension.node.js:17:1393636)
	at a.get (/home/talocha/.vscode-oss/extensions/ms-toolsai.jupyter-2022.8.1002460559/out/extension.node.js:17:51713)
	at /home/talocha/.vscode-oss/extensions/ms-toolsai.jupyter-2022.8.1002460559/out/extension.node.js:2:4933]
error 10:31:19.337: extension activation failed [Error: Extension 'ms-toolsai.jupyter' CANNOT use API proposal: notebookCellExecutionState.
Its package.json#enabledApiProposals-property declares:  but NOT notebookCellExecutionState.
 The missing proposal MUST be added and you must start in extension development mode or use the following command line switch: --enable-proposed-api ms-toolsai.jupyter
	at g (/usr/lib/code/out/vs/workbench/api/node/extensionHostProcess.js:83:68142)
	at d.onDidChangeNotebookCellExecutionState (/usr/lib/code/out/vs/workbench/api/node/extensionHostProcess.js:106:53129)
	at new m (/home/talocha/.vscode-oss/extensions/ms-toolsai.jupyter-2022.8.1002460559/out/extension.node.js:2:327996)
	at t.resolveInstance (/home/talocha/.vscode-oss/extensions/ms-toolsai.jupyter-2022.8.1002460559/out/extension.node.js:17:1409613)
	at /home/talocha/.vscode-oss/extensions/ms-toolsai.jupyter-2022.8.1002460559/out/extension.node.js:17:1411551
	at /home/talocha/.vscode-oss/extensions/ms-toolsai.jupyter-2022.8.1002460559/out/extension.node.js:17:1410469
	at Array.map (<anonymous>)
	at /home/talocha/.vscode-oss/extensions/ms-toolsai.jupyter-2022.8.1002460559/out/extension.node.js:17:1410441
	at Array.map (<anonymous>)
	at t.resolveInstance (/home/talocha/.vscode-oss/extensions/ms-toolsai.jupyter-2022.8.1002460559/out/extension.node.js:17:1409387)
	at /home/talocha/.vscode-oss/extensions/ms-toolsai.jupyter-2022.8.1002460559/out/extension.node.js:17:1411551
	at t.resolve (/home/talocha/.vscode-oss/extensions/ms-toolsai.jupyter-2022.8.1002460559/out/extension.node.js:17:1411814)
	at /home/talocha/.vscode-oss/extensions/ms-toolsai.jupyter-2022.8.1002460559/out/extension.node.js:17:1395227
	at e._get (/home/talocha/.vscode-oss/extensions/ms-toolsai.jupyter-2022.8.1002460559/out/extension.node.js:17:1394993)
	at e.get (/home/talocha/.vscode-oss/extensions/ms-toolsai.jupyter-2022.8.1002460559/out/extension.node.js:17:1393636)
	at a.get (/home/talocha/.vscode-oss/extensions/ms-toolsai.jupyter-2022.8.1002460559/out/extension.node.js:17:51713)
	at /home/talocha/.vscode-oss/extensions/ms-toolsai.jupyter-2022.8.1002460559/out/extension.node.js:2:4933]
error 10:31:19.338: Failed to active the Jupyter Extension [Error: Extension 'ms-toolsai.jupyter' CANNOT use API proposal: notebookCellExecutionState.
Its package.json#enabledApiProposals-property declares:  but NOT notebookCellExecutionState.
 The missing proposal MUST be added and you must start in extension development mode or use the following command line switch: --enable-proposed-api ms-toolsai.jupyter
	at g (/usr/lib/code/out/vs/workbench/api/node/extensionHostProcess.js:83:68142)
	at d.onDidChangeNotebookCellExecutionState (/usr/lib/code/out/vs/workbench/api/node/extensionHostProcess.js:106:53129)
	at new m (/home/talocha/.vscode-oss/extensions/ms-toolsai.jupyter-2022.8.1002460559/out/extension.node.js:2:327996)
	at t.resolveInstance (/home/talocha/.vscode-oss/extensions/ms-toolsai.jupyter-2022.8.1002460559/out/extension.node.js:17:1409613)
	at /home/talocha/.vscode-oss/extensions/ms-toolsai.jupyter-2022.8.1002460559/out/extension.node.js:17:1411551
	at /home/talocha/.vscode-oss/extensions/ms-toolsai.jupyter-2022.8.1002460559/out/extension.node.js:17:1410469
	at Array.map (<anonymous>)
	at /home/talocha/.vscode-oss/extensions/ms-toolsai.jupyter-2022.8.1002460559/out/extension.node.js:17:1410441
	at Array.map (<anonymous>)
	at t.resolveInstance (/home/talocha/.vscode-oss/extensions/ms-toolsai.jupyter-2022.8.1002460559/out/extension.node.js:17:1409387)
	at /home/talocha/.vscode-oss/extensions/ms-toolsai.jupyter-2022.8.1002460559/out/extension.node.js:17:1411551
	at t.resolve (/home/talocha/.vscode-oss/extensions/ms-toolsai.jupyter-2022.8.1002460559/out/extension.node.js:17:1411814)
	at /home/talocha/.vscode-oss/extensions/ms-toolsai.jupyter-2022.8.1002460559/out/extension.node.js:17:1395227
	at e._get (/home/talocha/.vscode-oss/extensions/ms-toolsai.jupyter-2022.8.1002460559/out/extension.node.js:17:1394993)
	at e.get (/home/talocha/.vscode-oss/extensions/ms-toolsai.jupyter-2022.8.1002460559/out/extension.node.js:17:1393636)
	at a.get (/home/talocha/.vscode-oss/extensions/ms-toolsai.jupyter-2022.8.1002460559/out/extension.node.js:17:51713)
	at /home/talocha/.vscode-oss/extensions/ms-toolsai.jupyter-2022.8.1002460559/out/extension.node.js:2:4933]
info 10:33:44.631: Shutting down notebooks for 6ba5d368-e4e8-4596-ad86-880eb97b4177
info 10:33:44.631: Disposing HostJupyterExecution 8cc8b86c-23fd-4f24-99cc-52cfb03879de
info 10:33:44.631: Disposing super HostJupyterExecution 8cc8b86c-23fd-4f24-99cc-52cfb03879de
info 10:33:44.631: Disposing HostJupyterExecution 8cc8b86c-23fd-4f24-99cc-52cfb03879de
info 10:33:44.631: Finished disposing HostJupyterExecution  8cc8b86c-23fd-4f24-99cc-52cfb03879de
info 10:33:44.632: Cleaning up server cache 8cc8b86c-23fd-4f24-99cc-52cfb03879de
info 10:33:44.632: Finished disposing HostJupyterExecution  8cc8b86c-23fd-4f24-99cc-52cfb03879de
