LSP Notebooks experiment is disabled -- not using Pylance
LSP Notebooks interactive window support is disabled -- not in LSP Notebooks experiment
> conda info --json
> /bin/python ~/.vscode-oss/extensions/ms-python.python-2022.14.0/pythonFiles/get_output_via_markers.py ~/.vscode-oss/extensions/ms-python.python-2022.14.0/pythonFiles/interpreterInfo.py
> /sbin/python ~/.vscode-oss/extensions/ms-python.python-2022.14.0/pythonFiles/get_output_via_markers.py ~/.vscode-oss/extensions/ms-python.python-2022.14.0/pythonFiles/interpreterInfo.py
> /usr/bin/python ~/.vscode-oss/extensions/ms-python.python-2022.14.0/pythonFiles/get_output_via_markers.py ~/.vscode-oss/extensions/ms-python.python-2022.14.0/pythonFiles/interpreterInfo.py
> /usr/sbin/python ~/.vscode-oss/extensions/ms-python.python-2022.14.0/pythonFiles/get_output_via_markers.py ~/.vscode-oss/extensions/ms-python.python-2022.14.0/pythonFiles/interpreterInfo.py
Python interpreter path: /bin/python
[ERROR 2022-8-15 10:31:19.536]: [
  'Failed to activate a workspace, Class name = f, completed in 178ms, has a falsy return value, Arg 1: <Uri:/home/talocha/Universidade/ADAPT-VQC>, Return Value: undefined',
  [Error: Extension 'ms-python.python' CANNOT use API proposal: testObserver.
  Its package.json#enabledApiProposals-property declares:  but NOT testObserver.
   The missing proposal MUST be added and you must start in extension development mode or use the following command line switch: --enable-proposed-api ms-python.python
  	at g (/usr/lib/code/out/vs/workbench/api/node/extensionHostProcess.js:83:68142)
  	at get testResults [as testResults] (/usr/lib/code/out/vs/workbench/api/node/extensionHostProcess.js:106:34121)
  	at E.activate (/home/talocha/.vscode-oss/extensions/ms-python.python-2022.14.0/out/client/extension.js:2:748774)
  	at /home/talocha/.vscode-oss/extensions/ms-python.python-2022.14.0/out/client/extension.js:2:2251
  	at Array.map (<anonymous>)
  	at f.activateWorkspace (/home/talocha/.vscode-oss/extensions/ms-python.python-2022.14.0/out/client/extension.js:2:2241)
  	at process.processTicksAndRejections (node:internal/process/task_queues:96:5)]
]
[ERROR 2022-8-15 10:31:19.540]: Failure during activation. [Error: Extension 'ms-python.python' CANNOT use API proposal: testObserver.
Its package.json#enabledApiProposals-property declares:  but NOT testObserver.
 The missing proposal MUST be added and you must start in extension development mode or use the following command line switch: --enable-proposed-api ms-python.python
	at g (/usr/lib/code/out/vs/workbench/api/node/extensionHostProcess.js:83:68142)
	at get testResults [as testResults] (/usr/lib/code/out/vs/workbench/api/node/extensionHostProcess.js:106:34121)
	at E.activate (/home/talocha/.vscode-oss/extensions/ms-python.python-2022.14.0/out/client/extension.js:2:748774)
	at /home/talocha/.vscode-oss/extensions/ms-python.python-2022.14.0/out/client/extension.js:2:2251
	at Array.map (<anonymous>)
	at f.activateWorkspace (/home/talocha/.vscode-oss/extensions/ms-python.python-2022.14.0/out/client/extension.js:2:2241)
	at process.processTicksAndRejections (node:internal/process/task_queues:96:5)]
[ERROR 2022-8-15 10:31:19.540]: sendStartupTelemetry() failed. [Error: Extension 'ms-python.python' CANNOT use API proposal: testObserver.
Its package.json#enabledApiProposals-property declares:  but NOT testObserver.
 The missing proposal MUST be added and you must start in extension development mode or use the following command line switch: --enable-proposed-api ms-python.python
	at g (/usr/lib/code/out/vs/workbench/api/node/extensionHostProcess.js:83:68142)
	at get testResults [as testResults] (/usr/lib/code/out/vs/workbench/api/node/extensionHostProcess.js:106:34121)
	at E.activate (/home/talocha/.vscode-oss/extensions/ms-python.python-2022.14.0/out/client/extension.js:2:748774)
	at /home/talocha/.vscode-oss/extensions/ms-python.python-2022.14.0/out/client/extension.js:2:2251
	at Array.map (<anonymous>)
	at f.activateWorkspace (/home/talocha/.vscode-oss/extensions/ms-python.python-2022.14.0/out/client/extension.js:2:2241)
	at process.processTicksAndRejections (node:internal/process/task_queues:96:5)]
Starting Jedi language server for ADAPT-VQC.
