[10:33:23] Initializing LaTeX Workshop.
[10:33:23] Extension root: /home/talocha/.vscode-oss/extensions/james-yu.latex-workshop-8.29.0
[10:33:23] $PATH: /usr/local/sbin:/usr/local/bin:/usr/bin:/usr/bin/site_perl:/usr/bin/vendor_perl:/usr/bin/core_perl:/home/talocha/.local/bin:/home/.local:/home/talocha/.local/bin:/home/.local
[10:33:23] $SHELL: /bin/bash
[10:33:23] $LANG: en_US.UTF-8
[10:33:23] $LC_ALL: undefined
[10:33:23] process.platform: linux
[10:33:23] process.arch: x64
[10:33:23] vscode.env.appName: Code - OSS
[10:33:23] vscode.env.remoteName: undefined
[10:33:23] vscode.env.uiKind: 1
[10:33:23] Configuration for workspace: file:///home/talocha/Universidade/ADAPT-VQC
[10:33:23] editor.acceptSuggestionOnEnter: "on"
[10:33:23] latex-workshop.bind.enter.key: true
[10:33:23] latex-workshop.docker.enabled: false
[10:33:23] latex-workshop.docker.image.latex: ""
[10:33:23] latex-workshop.hover.preview.mathjax.extensions: []
[10:33:23] latex-workshop.intellisense.package.enabled: true
[10:33:23] latex-workshop.intellisense.update.aggressive.enabled: false
[10:33:23] latex-workshop.intellisense.update.delay: 1000
[10:33:23] latex-workshop.latex.autoBuild.run: "onFileChange"
[10:33:23] latex-workshop.latex.build.forceRecipeUsage: true
[10:33:23] latex-workshop.latex.outDir: "%DIR%"
[10:33:23] latex-workshop.latex.recipes: [
 {
  "name": "latexmk 🔃",
  "tools": [
   "latexmk"
  ]
 },
 {
  "name": "latexmk (latexmkrc)",
  "tools": [
   "latexmk_rconly"
  ]
 },
 {
  "name": "latexmk (lualatex)",
  "tools": [
   "lualatexmk"
  ]
 },
 {
  "name": "latexmk (xelatex)",
  "tools": [
   "xelatexmk"
  ]
 },
 {
  "name": "pdflatex ➞ bibtex ➞ pdflatex × 2",
  "tools": [
   "pdflatex",
   "bibtex",
   "pdflatex",
   "pdflatex"
  ]
 },
 {
  "name": "Compile Rnw files",
  "tools": [
   "rnw2tex",
   "latexmk"
  ]
 },
 {
  "name": "Compile Jnw files",
  "tools": [
   "jnw2tex",
   "latexmk"
  ]
 },
 {
  "name": "tectonic",
  "tools": [
   "tectonic"
  ]
 }
]
[10:33:23] latex-workshop.latex.tools: [
 {
  "name": "latexmk",
  "command": "latexmk",
  "args": [
   "-synctex=1",
   "-interaction=nonstopmode",
   "-file-line-error",
   "-pdf",
   "-outdir=%OUTDIR%",
   "%DOC%"
  ],
  "env": {}
 },
 {
  "name": "lualatexmk",
  "command": "latexmk",
  "args": [
   "-synctex=1",
   "-interaction=nonstopmode",
   "-file-line-error",
   "-lualatex",
   "-outdir=%OUTDIR%",
   "%DOC%"
  ],
  "env": {}
 },
 {
  "name": "xelatexmk",
  "command": "latexmk",
  "args": [
   "-synctex=1",
   "-interaction=nonstopmode",
   "-file-line-error",
   "-xelatex",
   "-outdir=%OUTDIR%",
   "%DOC%"
  ],
  "env": {}
 },
 {
  "name": "latexmk_rconly",
  "command": "latexmk",
  "args": [
   "%DOC%"
  ],
  "env": {}
 },
 {
  "name": "pdflatex",
  "command": "pdflatex",
  "args": [
   "-synctex=1",
   "-interaction=nonstopmode",
   "-file-line-error",
   "%DOC%"
  ],
  "env": {}
 },
 {
  "name": "bibtex",
  "command": "bibtex",
  "args": [
   "%DOCFILE%"
  ],
  "env": {}
 },
 {
  "name": "rnw2tex",
  "command": "Rscript",
  "args": [
   "-e",
   "knitr::opts_knit$set(concordance = TRUE); knitr::knit('%DOCFILE_EXT%')"
  ],
  "env": {}
 },
 {
  "name": "jnw2tex",
  "command": "julia",
  "args": [
   "-e",
   "using Weave; weave(\"%DOC_EXT%\", doctype=\"tex\")"
  ],
  "env": {}
 },
 {
  "name": "jnw2texmintex",
  "command": "julia",
  "args": [
   "-e",
   "using Weave; weave(\"%DOC_EXT%\", doctype=\"texminted\")"
  ],
  "env": {}
 },
 {
  "name": "tectonic",
  "command": "tectonic",
  "args": [
   "--synctex",
   "--keep-logs",
   "%DOC%.tex"
  ],
  "env": {}
 }
]
[10:33:23] latex-workshop.viewer.pdf.internal.keyboardEvent: "auto"
[10:33:23] Creating a new file watcher.
[10:33:23] watcherOptions: {"useFsEvents":false,"usePolling":false,"interval":300,"binaryInterval":1000,"awaitWriteFinish":{"stabilityThreshold":250}}
[10:33:23] Creating PDF file watcher.
[10:33:23] watcherOptions: {"useFsEvents":false,"usePolling":false,"interval":300,"binaryInterval":1000,"awaitWriteFinish":{}}
[10:33:23] Creating Bib file watcher.
[10:33:23] watcherOptions: {"useFsEvents":false,"usePolling":false,"interval":300,"binaryInterval":1000,"awaitWriteFinish":{"stabilityThreshold":250}}
[10:33:23] Set $LATEXWORKSHOP_DOCKER_LATEX: ""
[10:33:23] [Server] Creating LaTeX Workshop http and websocket server.
[10:33:23] LaTeX Workshop initialized.
[10:33:23] Trigger characters for intellisense of LaTeX documents: ["\\",",","{"]
[10:33:23] Bibtex format config: {"tab":"  ","case":"lowercase","left":"{","right":"}","trailingComma":false,"sort":["key"],"alignOnEqual":true,"sortFields":false,"fieldsOrder":[],"firstEntries":["string","xdata"]}
[10:33:23] Current workspace folders: ["file:///home/talocha/Universidade/ADAPT-VQC"]
[10:33:23] Current workspaceRootDir: file:///home/talocha/Universidade/ADAPT-VQC
[10:33:23] [Server] Server successfully started: {"address":"127.0.0.1","family":"IPv4","port":46591}
[10:33:23] Snippet data loaded.
[10:33:23] [Server] valdOrigin is http://127.0.0.1:46591
[10:33:23] Cannot find fls file: /home/talocha/Universidade/ADAPT-VQC/Results.fls
[10:33:23] Found files that might be root, choose the first one: /home/talocha/Universidade/ADAPT-VQC/Results.tex
[10:33:23] Root file changed: from undefined to /home/talocha/Universidade/ADAPT-VQC/Results.tex
[10:33:23] Start to find all dependencies.
[10:33:23] Root file languageId: latex
[10:33:23] Reset file watcher.
[10:33:23] Parsing a file and its subfiles: /home/talocha/Universidade/ADAPT-VQC/Results.tex
[10:33:23] Parse fls file.
[10:33:23] Cannot find fls file: /home/talocha/Universidade/ADAPT-VQC/Results.fls
[10:33:23] Added to file watcher: /home/talocha/Universidade/ADAPT-VQC/Results.tex
[10:33:23] Checking for duplicate labels: /home/talocha/Universidade/ADAPT-VQC/Results.tex.
[10:33:25] Manager.fileWatcher.getWatched: {"/home/talocha/Universidade/ADAPT-VQC":["Results.tex"]}
[10:33:25] Manager.filesWatched: ["/home/talocha/Universidade/ADAPT-VQC/Results.tex"]
[10:33:25] BibWatcher.bibWatcher.getWatched: {}
[10:33:25] BibWatcher.bibsWatched: []
[10:33:25] PdfWatcher.pdfWatcher.getWatched: {}
[10:33:25] PdfWatcher.pdfsWatched: []
[10:33:25] PdfWatcher.watchedPdfVirtualUris: []
[10:33:25] PdfWatcher.ignoredPdfUris: []
